#-----------------------------------------------------------
# Vivado v2019.2 (64-bit)
# SW Build 2708876 on Wed Nov  6 21:40:23 MST 2019
# IP Build 2700528 on Thu Nov  7 00:09:20 MST 2019
# Start of session at: Mon Jul 13 16:28:44 2020
# Process ID: 14896
# Current directory: C:/Users/Pedro/Documents/UA/CR/Project/CR-Project/SquareRootBasicBlockTb
# Command line: vivado.exe -gui_launcher_event rodinguilauncherevent16456 C:\Users\Pedro\Documents\UA\CR\Project\CR-Project\SquareRootBasicBlockTb\SquareRootBasicBlockTb.xpr
# Log file: C:/Users/Pedro/Documents/UA/CR/Project/CR-Project/SquareRootBasicBlockTb/vivado.log
# Journal file: C:/Users/Pedro/Documents/UA/CR/Project/CR-Project/SquareRootBasicBlockTb\vivado.jou
#-----------------------------------------------------------
start_gui
open_project C:/Users/Pedro/Documents/UA/CR/Project/CR-Project/SquareRootBasicBlockTb/SquareRootBasicBlockTb.xpr
Scanning sources...
Finished scanning sources
INFO: [IP_Flow 19-234] Refreshing IP repositories
INFO: [IP_Flow 19-1704] No user IP repositories specified
INFO: [IP_Flow 19-2313] Loaded Vivado IP repository 'C:/Xilinx/Vivado/2019.2/data/ip'.
open_project: Time (s): cpu = 00:00:23 ; elapsed = 00:00:13 . Memory (MB): peak = 708.379 ; gain = 84.855
update_compile_order -fileset sources_1
exit
INFO: [Common 17-206] Exiting Vivado at Mon Jul 13 16:30:08 2020...
