#-----------------------------------------------------------
# Vivado v2019.2 (64-bit)
# SW Build 2708876 on Wed Nov  6 21:40:23 MST 2019
# IP Build 2700528 on Thu Nov  7 00:09:20 MST 2019
# Start of session at: Mon Jul 13 12:08:16 2020
# Process ID: 17540
# Current directory: C:/Users/Pedro/Dropbox/UA/CR/Project/CR-Project/SquareRootBasicBlockTb
# Command line: vivado.exe -gui_launcher_event rodinguilauncherevent11176 C:\Users\Pedro\Dropbox\UA\CR\Project\CR-Project\SquareRootBasicBlockTb\SquareRootBasicBlockTb.xpr
# Log file: C:/Users/Pedro/Dropbox/UA/CR/Project/CR-Project/SquareRootBasicBlockTb/vivado.log
# Journal file: C:/Users/Pedro/Dropbox/UA/CR/Project/CR-Project/SquareRootBasicBlockTb\vivado.jou
#-----------------------------------------------------------
start_gui
open_project C:/Users/Pedro/Dropbox/UA/CR/Project/CR-Project/SquareRootBasicBlockTb/SquareRootBasicBlockTb.xpr
Scanning sources...
Finished scanning sources
INFO: [IP_Flow 19-234] Refreshing IP repositories
INFO: [IP_Flow 19-1704] No user IP repositories specified
INFO: [IP_Flow 19-2313] Loaded Vivado IP repository 'C:/Xilinx/Vivado/2019.2/data/ip'.
open_project: Time (s): cpu = 00:00:22 ; elapsed = 00:00:10 . Memory (MB): peak = 719.059 ; gain = 78.293
update_compile_order -fileset sources_1
launch_simulation
Command: launch_simulation 
INFO: [Vivado 12-5682] Launching behavioral simulation in 'C:/Users/Pedro/Dropbox/UA/CR/Project/CR-Project/SquareRootBasicBlockTb/SquareRootBasicBlockTb.sim/sim_1/behav/xsim'
INFO: [SIM-utils-51] Simulation object is 'sim_1'
INFO: [SIM-utils-54] Inspecting design source files for 'SquareRootBasicBlockTb' in fileset 'sim_1'...
INFO: [USF-XSim-97] Finding global include files...
INFO: [USF-XSim-98] Fetching design files from 'sim_1'...
INFO: [USF-XSim-2] XSim::Compile design
INFO: [USF-XSim-61] Executing 'COMPILE and ANALYZE' step in 'C:/Users/Pedro/Dropbox/UA/CR/Project/CR-Project/SquareRootBasicBlockTb/SquareRootBasicBlockTb.sim/sim_1/behav/xsim'
"xvhdl --incr --relax -prj SquareRootBasicBlockTb_vhdl.prj"
INFO: [VRFC 10-163] Analyzing VHDL file "C:/Users/Pedro/Dropbox/UA/CR/Project/CR-Project/ip_repo/SquareRootCop_1.0/hdl/SquareRootBasicBlock.vhd" into library xil_defaultlib
INFO: [VRFC 10-3107] analyzing entity 'SquareRootBasicBlock'
INFO: [VRFC 10-3107] analyzing entity 'comparatorLessThan'
INFO: [VRFC 10-3107] analyzing entity 'mux2NtoN'
INFO: [VRFC 10-163] Analyzing VHDL file "C:/Users/Pedro/Dropbox/UA/CR/Project/CR-Project/ip_repo/SquareRootCop_1.0/hdl/SquareRootBasicBlockTb.vhd" into library xil_defaultlib
INFO: [VRFC 10-3107] analyzing entity 'SquareRootBasicBlockTb'
INFO: [USF-XSim-69] 'compile' step finished in '2' seconds
INFO: [USF-XSim-3] XSim::Elaborate design
INFO: [USF-XSim-61] Executing 'ELABORATE' step in 'C:/Users/Pedro/Dropbox/UA/CR/Project/CR-Project/SquareRootBasicBlockTb/SquareRootBasicBlockTb.sim/sim_1/behav/xsim'
"xelab -wto 7260ef485aa5458dad44cff992bae599 --incr --debug typical --relax --mt 2 -L xil_defaultlib -L secureip --snapshot SquareRootBasicBlockTb_behav xil_defaultlib.SquareRootBasicBlockTb -log elaborate.log"
Vivado Simulator 2019.2
Copyright 1986-1999, 2001-2019 Xilinx, Inc. All Rights Reserved.
Running: C:/Xilinx/Vivado/2019.2/bin/unwrapped/win64.o/xelab.exe -wto 7260ef485aa5458dad44cff992bae599 --incr --debug typical --relax --mt 2 -L xil_defaultlib -L secureip --snapshot SquareRootBasicBlockTb_behav xil_defaultlib.SquareRootBasicBlockTb -log elaborate.log 
Using 2 slave threads.
Starting static elaboration
Completed static elaboration
Starting simulation data flow analysis
Completed simulation data flow analysis
Time Resolution for simulation is 1ps
Compiling package std.standard
Compiling package std.textio
Compiling package ieee.std_logic_1164
Compiling package ieee.std_logic_arith
Compiling package ieee.std_logic_unsigned
Compiling package ieee.std_logic_textio
Compiling package ieee.numeric_std
Compiling package unisim.vcomponents
Compiling architecture structural of entity xil_defaultlib.comparatorLessThan [\comparatorLessThan(word_size=16...]
Compiling architecture behavioral of entity xil_defaultlib.mux2NtoN [\mux2NtoN(word_size=16)\]
Compiling architecture structural of entity xil_defaultlib.SquareRootBasicBlock [\SquareRootBasicBlock(word_size=...]
Compiling architecture stimulus of entity xil_defaultlib.squarerootbasicblocktb
Built simulation snapshot SquareRootBasicBlockTb_behav

****** Webtalk v2019.2 (64-bit)
  **** SW Build 2708876 on Wed Nov  6 21:40:23 MST 2019
  **** IP Build 2700528 on Thu Nov  7 00:09:20 MST 2019
    ** Copyright 1986-2019 Xilinx, Inc. All Rights Reserved.

source C:/Users/Pedro/Dropbox/UA/CR/Project/CR-Project/SquareRootBasicBlockTb/SquareRootBasicBlockTb.sim/sim_1/behav/xsim/xsim.dir/SquareRootBasicBlockTb_behav/webtalk/xsim_webtalk.tcl -notrace
INFO: [Common 17-186] 'C:/Users/Pedro/Dropbox/UA/CR/Project/CR-Project/SquareRootBasicBlockTb/SquareRootBasicBlockTb.sim/sim_1/behav/xsim/xsim.dir/SquareRootBasicBlockTb_behav/webtalk/usage_statistics_ext_xsim.xml' has been successfully sent to Xilinx on Mon Jul 13 14:50:37 2020. For additional details about this file, please refer to the WebTalk help file at C:/Xilinx/Vivado/2019.2/doc/webtalk_introduction.html.
INFO: [Common 17-206] Exiting Webtalk at Mon Jul 13 14:50:37 2020...
run_program: Time (s): cpu = 00:00:01 ; elapsed = 00:00:09 . Memory (MB): peak = 745.066 ; gain = 0.000
INFO: [USF-XSim-69] 'elaborate' step finished in '9' seconds
INFO: [USF-XSim-4] XSim::Simulate design
INFO: [USF-XSim-61] Executing 'SIMULATE' step in 'C:/Users/Pedro/Dropbox/UA/CR/Project/CR-Project/SquareRootBasicBlockTb/SquareRootBasicBlockTb.sim/sim_1/behav/xsim'
INFO: [USF-XSim-98] *** Running xsim
   with args "SquareRootBasicBlockTb_behav -key {Behavioral:sim_1:Functional:SquareRootBasicBlockTb} -tclbatch {SquareRootBasicBlockTb.tcl} -log {simulate.log}"
INFO: [USF-XSim-8] Loading simulator feature
Vivado Simulator 2019.2
Time resolution is 1 ps
source SquareRootBasicBlockTb.tcl
# set curr_wave [current_wave_config]
# if { [string length $curr_wave] == 0 } {
#   if { [llength [get_objects]] > 0} {
#     add_wave /
#     set_property needs_save false [current_wave_config]
#   } else {
#      send_msg_id Add_Wave-1 WARNING "No top level signals found. Simulator will start without a wave window. If you want to open a wave window go to 'File->New Waveform Configuration' or type 'create_wave_config' in the TCL console."
#   }
# }
# run 50ns
INFO: [USF-XSim-96] XSim completed. Design snapshot 'SquareRootBasicBlockTb_behav' loaded.
INFO: [USF-XSim-97] XSim simulation ran for 50ns
launch_simulation: Time (s): cpu = 00:00:12 ; elapsed = 00:00:17 . Memory (MB): peak = 785.285 ; gain = 40.219
close_sim
INFO: [Simtcl 6-16] Simulation closed
close_sim: Time (s): cpu = 00:00:03 ; elapsed = 00:00:08 . Memory (MB): peak = 788.434 ; gain = 0.000
exit
INFO: [Common 17-206] Exiting Vivado at Mon Jul 13 15:25:51 2020...
