#-----------------------------------------------------------
# Vivado v2019.2 (64-bit)
# SW Build 2708876 on Wed Nov  6 21:40:23 MST 2019
# IP Build 2700528 on Thu Nov  7 00:09:20 MST 2019
# Start of session at: Sat Jul 11 19:19:14 2020
# Process ID: 22168
# Current directory: C:/Users/Pedro/Dropbox/UA/CR/Project/CR-Project/SquareRootCop
# Command line: vivado.exe -gui_launcher_event rodinguilauncherevent23872 C:\Users\Pedro\Dropbox\UA\CR\Project\CR-Project\SquareRootCop\SquareRootCop.xpr
# Log file: C:/Users/Pedro/Dropbox/UA/CR/Project/CR-Project/SquareRootCop/vivado.log
# Journal file: C:/Users/Pedro/Dropbox/UA/CR/Project/CR-Project/SquareRootCop\vivado.jou
#-----------------------------------------------------------
start_gui
open_project C:/Users/Pedro/Dropbox/UA/CR/Project/CR-Project/SquareRootCop/SquareRootCop.xpr
Scanning sources...
Finished scanning sources
INFO: [IP_Flow 19-234] Refreshing IP repositories
INFO: [IP_Flow 19-1700] Loaded user IP repository 'c:/Users/Pedro/Dropbox/UA/CR/Project/CR-Project/ip_repo/SquareRootCop_1.0'.
INFO: [IP_Flow 19-2313] Loaded Vivado IP repository 'C:/Xilinx/Vivado/2019.2/data/ip'.
WARNING: [IP_Flow 19-3664] IP 'mb_design_xbar_0' generated file not found 'c:/Users/Pedro/Dropbox/UA/CR/Project/CR-Project/SquareRootCop/SquareRootCop.srcs/sources_1/bd/mb_design/ip/mb_design_xbar_0/mb_design_xbar_0.dcp'. Please regenerate to continue.
WARNING: [IP_Flow 19-3664] IP 'mb_design_xbar_0' generated file not found 'c:/Users/Pedro/Dropbox/UA/CR/Project/CR-Project/SquareRootCop/SquareRootCop.srcs/sources_1/bd/mb_design/ip/mb_design_xbar_0/mb_design_xbar_0_stub.v'. Please regenerate to continue.
WARNING: [IP_Flow 19-3664] IP 'mb_design_xbar_0' generated file not found 'c:/Users/Pedro/Dropbox/UA/CR/Project/CR-Project/SquareRootCop/SquareRootCop.srcs/sources_1/bd/mb_design/ip/mb_design_xbar_0/mb_design_xbar_0_stub.vhdl'. Please regenerate to continue.
WARNING: [IP_Flow 19-3664] IP 'mb_design_xbar_0' generated file not found 'c:/Users/Pedro/Dropbox/UA/CR/Project/CR-Project/SquareRootCop/SquareRootCop.srcs/sources_1/bd/mb_design/ip/mb_design_xbar_0/mb_design_xbar_0_sim_netlist.v'. Please regenerate to continue.
WARNING: [IP_Flow 19-3664] IP 'mb_design_xbar_0' generated file not found 'c:/Users/Pedro/Dropbox/UA/CR/Project/CR-Project/SquareRootCop/SquareRootCop.srcs/sources_1/bd/mb_design/ip/mb_design_xbar_0/mb_design_xbar_0_sim_netlist.vhdl'. Please regenerate to continue.
WARNING: [IP_Flow 19-3664] IP 'mb_design_SquareRootCop_0_0' generated file not found 'c:/Users/Pedro/Dropbox/UA/CR/Project/CR-Project/SquareRootCop/SquareRootCop.srcs/sources_1/bd/mb_design/ip/mb_design_SquareRootCop_0_0/mb_design_SquareRootCop_0_0.dcp'. Please regenerate to continue.
WARNING: [IP_Flow 19-3664] IP 'mb_design_SquareRootCop_0_0' generated file not found 'c:/Users/Pedro/Dropbox/UA/CR/Project/CR-Project/SquareRootCop/SquareRootCop.srcs/sources_1/bd/mb_design/ip/mb_design_SquareRootCop_0_0/mb_design_SquareRootCop_0_0_stub.v'. Please regenerate to continue.
WARNING: [IP_Flow 19-3664] IP 'mb_design_SquareRootCop_0_0' generated file not found 'c:/Users/Pedro/Dropbox/UA/CR/Project/CR-Project/SquareRootCop/SquareRootCop.srcs/sources_1/bd/mb_design/ip/mb_design_SquareRootCop_0_0/mb_design_SquareRootCop_0_0_stub.vhdl'. Please regenerate to continue.
WARNING: [IP_Flow 19-3664] IP 'mb_design_SquareRootCop_0_0' generated file not found 'c:/Users/Pedro/Dropbox/UA/CR/Project/CR-Project/SquareRootCop/SquareRootCop.srcs/sources_1/bd/mb_design/ip/mb_design_SquareRootCop_0_0/mb_design_SquareRootCop_0_0_sim_netlist.v'. Please regenerate to continue.
WARNING: [IP_Flow 19-3664] IP 'mb_design_SquareRootCop_0_0' generated file not found 'c:/Users/Pedro/Dropbox/UA/CR/Project/CR-Project/SquareRootCop/SquareRootCop.srcs/sources_1/bd/mb_design/ip/mb_design_SquareRootCop_0_0/mb_design_SquareRootCop_0_0_sim_netlist.vhdl'. Please regenerate to continue.
WARNING: [IP_Flow 19-3664] IP 'mb_design_auto_pc_9' generated file not found 'c:/Users/Pedro/Dropbox/UA/CR/Project/CR-Project/SquareRootCop/SquareRootCop.srcs/sources_1/bd/mb_design/ip/mb_design_auto_pc_9/mb_design_auto_pc_9.dcp'. Please regenerate to continue.
WARNING: [IP_Flow 19-3664] IP 'mb_design_auto_pc_9' generated file not found 'c:/Users/Pedro/Dropbox/UA/CR/Project/CR-Project/SquareRootCop/SquareRootCop.srcs/sources_1/bd/mb_design/ip/mb_design_auto_pc_9/mb_design_auto_pc_9_stub.v'. Please regenerate to continue.
WARNING: [IP_Flow 19-3664] IP 'mb_design_auto_pc_9' generated file not found 'c:/Users/Pedro/Dropbox/UA/CR/Project/CR-Project/SquareRootCop/SquareRootCop.srcs/sources_1/bd/mb_design/ip/mb_design_auto_pc_9/mb_design_auto_pc_9_stub.vhdl'. Please regenerate to continue.
WARNING: [IP_Flow 19-3664] IP 'mb_design_auto_pc_9' generated file not found 'c:/Users/Pedro/Dropbox/UA/CR/Project/CR-Project/SquareRootCop/SquareRootCop.srcs/sources_1/bd/mb_design/ip/mb_design_auto_pc_9/mb_design_auto_pc_9_sim_netlist.v'. Please regenerate to continue.
WARNING: [IP_Flow 19-3664] IP 'mb_design_auto_pc_9' generated file not found 'c:/Users/Pedro/Dropbox/UA/CR/Project/CR-Project/SquareRootCop/SquareRootCop.srcs/sources_1/bd/mb_design/ip/mb_design_auto_pc_9/mb_design_auto_pc_9_sim_netlist.vhdl'. Please regenerate to continue.
WARNING: [IP_Flow 19-3664] IP 'mb_design_auto_pc_0' generated file not found 'c:/Users/Pedro/Dropbox/UA/CR/Project/CR-Project/SquareRootCop/SquareRootCop.srcs/sources_1/bd/mb_design/ip/mb_design_auto_pc_0/mb_design_auto_pc_0.dcp'. Please regenerate to continue.
WARNING: [IP_Flow 19-3664] IP 'mb_design_auto_pc_0' generated file not found 'c:/Users/Pedro/Dropbox/UA/CR/Project/CR-Project/SquareRootCop/SquareRootCop.srcs/sources_1/bd/mb_design/ip/mb_design_auto_pc_0/mb_design_auto_pc_0_stub.v'. Please regenerate to continue.
WARNING: [IP_Flow 19-3664] IP 'mb_design_auto_pc_0' generated file not found 'c:/Users/Pedro/Dropbox/UA/CR/Project/CR-Project/SquareRootCop/SquareRootCop.srcs/sources_1/bd/mb_design/ip/mb_design_auto_pc_0/mb_design_auto_pc_0_stub.vhdl'. Please regenerate to continue.
WARNING: [IP_Flow 19-3664] IP 'mb_design_auto_pc_0' generated file not found 'c:/Users/Pedro/Dropbox/UA/CR/Project/CR-Project/SquareRootCop/SquareRootCop.srcs/sources_1/bd/mb_design/ip/mb_design_auto_pc_0/mb_design_auto_pc_0_sim_netlist.v'. Please regenerate to continue.
WARNING: [IP_Flow 19-3664] IP 'mb_design_auto_pc_0' generated file not found 'c:/Users/Pedro/Dropbox/UA/CR/Project/CR-Project/SquareRootCop/SquareRootCop.srcs/sources_1/bd/mb_design/ip/mb_design_auto_pc_0/mb_design_auto_pc_0_sim_netlist.vhdl'. Please regenerate to continue.
WARNING: [IP_Flow 19-3664] IP 'mb_design_auto_pc_1' generated file not found 'c:/Users/Pedro/Dropbox/UA/CR/Project/CR-Project/SquareRootCop/SquareRootCop.srcs/sources_1/bd/mb_design/ip/mb_design_auto_pc_1/mb_design_auto_pc_1.dcp'. Please regenerate to continue.
WARNING: [IP_Flow 19-3664] IP 'mb_design_auto_pc_1' generated file not found 'c:/Users/Pedro/Dropbox/UA/CR/Project/CR-Project/SquareRootCop/SquareRootCop.srcs/sources_1/bd/mb_design/ip/mb_design_auto_pc_1/mb_design_auto_pc_1_stub.v'. Please regenerate to continue.
WARNING: [IP_Flow 19-3664] IP 'mb_design_auto_pc_1' generated file not found 'c:/Users/Pedro/Dropbox/UA/CR/Project/CR-Project/SquareRootCop/SquareRootCop.srcs/sources_1/bd/mb_design/ip/mb_design_auto_pc_1/mb_design_auto_pc_1_stub.vhdl'. Please regenerate to continue.
WARNING: [IP_Flow 19-3664] IP 'mb_design_auto_pc_1' generated file not found 'c:/Users/Pedro/Dropbox/UA/CR/Project/CR-Project/SquareRootCop/SquareRootCop.srcs/sources_1/bd/mb_design/ip/mb_design_auto_pc_1/mb_design_auto_pc_1_sim_netlist.v'. Please regenerate to continue.
WARNING: [IP_Flow 19-3664] IP 'mb_design_auto_pc_1' generated file not found 'c:/Users/Pedro/Dropbox/UA/CR/Project/CR-Project/SquareRootCop/SquareRootCop.srcs/sources_1/bd/mb_design/ip/mb_design_auto_pc_1/mb_design_auto_pc_1_sim_netlist.vhdl'. Please regenerate to continue.
WARNING: [IP_Flow 19-3664] IP 'mb_design_auto_pc_2' generated file not found 'c:/Users/Pedro/Dropbox/UA/CR/Project/CR-Project/SquareRootCop/SquareRootCop.srcs/sources_1/bd/mb_design/ip/mb_design_auto_pc_2/mb_design_auto_pc_2.dcp'. Please regenerate to continue.
WARNING: [IP_Flow 19-3664] IP 'mb_design_auto_pc_2' generated file not found 'c:/Users/Pedro/Dropbox/UA/CR/Project/CR-Project/SquareRootCop/SquareRootCop.srcs/sources_1/bd/mb_design/ip/mb_design_auto_pc_2/mb_design_auto_pc_2_stub.v'. Please regenerate to continue.
WARNING: [IP_Flow 19-3664] IP 'mb_design_auto_pc_2' generated file not found 'c:/Users/Pedro/Dropbox/UA/CR/Project/CR-Project/SquareRootCop/SquareRootCop.srcs/sources_1/bd/mb_design/ip/mb_design_auto_pc_2/mb_design_auto_pc_2_stub.vhdl'. Please regenerate to continue.
WARNING: [IP_Flow 19-3664] IP 'mb_design_auto_pc_2' generated file not found 'c:/Users/Pedro/Dropbox/UA/CR/Project/CR-Project/SquareRootCop/SquareRootCop.srcs/sources_1/bd/mb_design/ip/mb_design_auto_pc_2/mb_design_auto_pc_2_sim_netlist.v'. Please regenerate to continue.
WARNING: [IP_Flow 19-3664] IP 'mb_design_auto_pc_2' generated file not found 'c:/Users/Pedro/Dropbox/UA/CR/Project/CR-Project/SquareRootCop/SquareRootCop.srcs/sources_1/bd/mb_design/ip/mb_design_auto_pc_2/mb_design_auto_pc_2_sim_netlist.vhdl'. Please regenerate to continue.
WARNING: [IP_Flow 19-3664] IP 'mb_design_auto_pc_3' generated file not found 'c:/Users/Pedro/Dropbox/UA/CR/Project/CR-Project/SquareRootCop/SquareRootCop.srcs/sources_1/bd/mb_design/ip/mb_design_auto_pc_3/mb_design_auto_pc_3.dcp'. Please regenerate to continue.
WARNING: [IP_Flow 19-3664] IP 'mb_design_auto_pc_3' generated file not found 'c:/Users/Pedro/Dropbox/UA/CR/Project/CR-Project/SquareRootCop/SquareRootCop.srcs/sources_1/bd/mb_design/ip/mb_design_auto_pc_3/mb_design_auto_pc_3_stub.v'. Please regenerate to continue.
WARNING: [IP_Flow 19-3664] IP 'mb_design_auto_pc_3' generated file not found 'c:/Users/Pedro/Dropbox/UA/CR/Project/CR-Project/SquareRootCop/SquareRootCop.srcs/sources_1/bd/mb_design/ip/mb_design_auto_pc_3/mb_design_auto_pc_3_stub.vhdl'. Please regenerate to continue.
WARNING: [IP_Flow 19-3664] IP 'mb_design_auto_pc_3' generated file not found 'c:/Users/Pedro/Dropbox/UA/CR/Project/CR-Project/SquareRootCop/SquareRootCop.srcs/sources_1/bd/mb_design/ip/mb_design_auto_pc_3/mb_design_auto_pc_3_sim_netlist.v'. Please regenerate to continue.
WARNING: [IP_Flow 19-3664] IP 'mb_design_auto_pc_3' generated file not found 'c:/Users/Pedro/Dropbox/UA/CR/Project/CR-Project/SquareRootCop/SquareRootCop.srcs/sources_1/bd/mb_design/ip/mb_design_auto_pc_3/mb_design_auto_pc_3_sim_netlist.vhdl'. Please regenerate to continue.
WARNING: [IP_Flow 19-3664] IP 'mb_design_auto_pc_4' generated file not found 'c:/Users/Pedro/Dropbox/UA/CR/Project/CR-Project/SquareRootCop/SquareRootCop.srcs/sources_1/bd/mb_design/ip/mb_design_auto_pc_4/mb_design_auto_pc_4.dcp'. Please regenerate to continue.
WARNING: [IP_Flow 19-3664] IP 'mb_design_auto_pc_4' generated file not found 'c:/Users/Pedro/Dropbox/UA/CR/Project/CR-Project/SquareRootCop/SquareRootCop.srcs/sources_1/bd/mb_design/ip/mb_design_auto_pc_4/mb_design_auto_pc_4_stub.v'. Please regenerate to continue.
WARNING: [IP_Flow 19-3664] IP 'mb_design_auto_pc_4' generated file not found 'c:/Users/Pedro/Dropbox/UA/CR/Project/CR-Project/SquareRootCop/SquareRootCop.srcs/sources_1/bd/mb_design/ip/mb_design_auto_pc_4/mb_design_auto_pc_4_stub.vhdl'. Please regenerate to continue.
WARNING: [IP_Flow 19-3664] IP 'mb_design_auto_pc_4' generated file not found 'c:/Users/Pedro/Dropbox/UA/CR/Project/CR-Project/SquareRootCop/SquareRootCop.srcs/sources_1/bd/mb_design/ip/mb_design_auto_pc_4/mb_design_auto_pc_4_sim_netlist.v'. Please regenerate to continue.
WARNING: [IP_Flow 19-3664] IP 'mb_design_auto_pc_4' generated file not found 'c:/Users/Pedro/Dropbox/UA/CR/Project/CR-Project/SquareRootCop/SquareRootCop.srcs/sources_1/bd/mb_design/ip/mb_design_auto_pc_4/mb_design_auto_pc_4_sim_netlist.vhdl'. Please regenerate to continue.
WARNING: [IP_Flow 19-3664] IP 'mb_design_auto_pc_5' generated file not found 'c:/Users/Pedro/Dropbox/UA/CR/Project/CR-Project/SquareRootCop/SquareRootCop.srcs/sources_1/bd/mb_design/ip/mb_design_auto_pc_5/mb_design_auto_pc_5.dcp'. Please regenerate to continue.
WARNING: [IP_Flow 19-3664] IP 'mb_design_auto_pc_5' generated file not found 'c:/Users/Pedro/Dropbox/UA/CR/Project/CR-Project/SquareRootCop/SquareRootCop.srcs/sources_1/bd/mb_design/ip/mb_design_auto_pc_5/mb_design_auto_pc_5_stub.v'. Please regenerate to continue.
WARNING: [IP_Flow 19-3664] IP 'mb_design_auto_pc_5' generated file not found 'c:/Users/Pedro/Dropbox/UA/CR/Project/CR-Project/SquareRootCop/SquareRootCop.srcs/sources_1/bd/mb_design/ip/mb_design_auto_pc_5/mb_design_auto_pc_5_stub.vhdl'. Please regenerate to continue.
WARNING: [IP_Flow 19-3664] IP 'mb_design_auto_pc_5' generated file not found 'c:/Users/Pedro/Dropbox/UA/CR/Project/CR-Project/SquareRootCop/SquareRootCop.srcs/sources_1/bd/mb_design/ip/mb_design_auto_pc_5/mb_design_auto_pc_5_sim_netlist.v'. Please regenerate to continue.
WARNING: [IP_Flow 19-3664] IP 'mb_design_auto_pc_5' generated file not found 'c:/Users/Pedro/Dropbox/UA/CR/Project/CR-Project/SquareRootCop/SquareRootCop.srcs/sources_1/bd/mb_design/ip/mb_design_auto_pc_5/mb_design_auto_pc_5_sim_netlist.vhdl'. Please regenerate to continue.
WARNING: [IP_Flow 19-3664] IP 'mb_design_auto_pc_6' generated file not found 'c:/Users/Pedro/Dropbox/UA/CR/Project/CR-Project/SquareRootCop/SquareRootCop.srcs/sources_1/bd/mb_design/ip/mb_design_auto_pc_6/mb_design_auto_pc_6.dcp'. Please regenerate to continue.
WARNING: [IP_Flow 19-3664] IP 'mb_design_auto_pc_6' generated file not found 'c:/Users/Pedro/Dropbox/UA/CR/Project/CR-Project/SquareRootCop/SquareRootCop.srcs/sources_1/bd/mb_design/ip/mb_design_auto_pc_6/mb_design_auto_pc_6_stub.v'. Please regenerate to continue.
WARNING: [IP_Flow 19-3664] IP 'mb_design_auto_pc_6' generated file not found 'c:/Users/Pedro/Dropbox/UA/CR/Project/CR-Project/SquareRootCop/SquareRootCop.srcs/sources_1/bd/mb_design/ip/mb_design_auto_pc_6/mb_design_auto_pc_6_stub.vhdl'. Please regenerate to continue.
WARNING: [IP_Flow 19-3664] IP 'mb_design_auto_pc_6' generated file not found 'c:/Users/Pedro/Dropbox/UA/CR/Project/CR-Project/SquareRootCop/SquareRootCop.srcs/sources_1/bd/mb_design/ip/mb_design_auto_pc_6/mb_design_auto_pc_6_sim_netlist.v'. Please regenerate to continue.
WARNING: [IP_Flow 19-3664] IP 'mb_design_auto_pc_6' generated file not found 'c:/Users/Pedro/Dropbox/UA/CR/Project/CR-Project/SquareRootCop/SquareRootCop.srcs/sources_1/bd/mb_design/ip/mb_design_auto_pc_6/mb_design_auto_pc_6_sim_netlist.vhdl'. Please regenerate to continue.
WARNING: [IP_Flow 19-3664] IP 'mb_design_auto_pc_7' generated file not found 'c:/Users/Pedro/Dropbox/UA/CR/Project/CR-Project/SquareRootCop/SquareRootCop.srcs/sources_1/bd/mb_design/ip/mb_design_auto_pc_7/mb_design_auto_pc_7.dcp'. Please regenerate to continue.
WARNING: [IP_Flow 19-3664] IP 'mb_design_auto_pc_7' generated file not found 'c:/Users/Pedro/Dropbox/UA/CR/Project/CR-Project/SquareRootCop/SquareRootCop.srcs/sources_1/bd/mb_design/ip/mb_design_auto_pc_7/mb_design_auto_pc_7_stub.v'. Please regenerate to continue.
WARNING: [IP_Flow 19-3664] IP 'mb_design_auto_pc_7' generated file not found 'c:/Users/Pedro/Dropbox/UA/CR/Project/CR-Project/SquareRootCop/SquareRootCop.srcs/sources_1/bd/mb_design/ip/mb_design_auto_pc_7/mb_design_auto_pc_7_stub.vhdl'. Please regenerate to continue.
WARNING: [IP_Flow 19-3664] IP 'mb_design_auto_pc_7' generated file not found 'c:/Users/Pedro/Dropbox/UA/CR/Project/CR-Project/SquareRootCop/SquareRootCop.srcs/sources_1/bd/mb_design/ip/mb_design_auto_pc_7/mb_design_auto_pc_7_sim_netlist.v'. Please regenerate to continue.
WARNING: [IP_Flow 19-3664] IP 'mb_design_auto_pc_7' generated file not found 'c:/Users/Pedro/Dropbox/UA/CR/Project/CR-Project/SquareRootCop/SquareRootCop.srcs/sources_1/bd/mb_design/ip/mb_design_auto_pc_7/mb_design_auto_pc_7_sim_netlist.vhdl'. Please regenerate to continue.
WARNING: [IP_Flow 19-3664] IP 'mb_design_auto_pc_8' generated file not found 'c:/Users/Pedro/Dropbox/UA/CR/Project/CR-Project/SquareRootCop/SquareRootCop.srcs/sources_1/bd/mb_design/ip/mb_design_auto_pc_8/mb_design_auto_pc_8.dcp'. Please regenerate to continue.
WARNING: [IP_Flow 19-3664] IP 'mb_design_auto_pc_8' generated file not found 'c:/Users/Pedro/Dropbox/UA/CR/Project/CR-Project/SquareRootCop/SquareRootCop.srcs/sources_1/bd/mb_design/ip/mb_design_auto_pc_8/mb_design_auto_pc_8_stub.v'. Please regenerate to continue.
WARNING: [IP_Flow 19-3664] IP 'mb_design_auto_pc_8' generated file not found 'c:/Users/Pedro/Dropbox/UA/CR/Project/CR-Project/SquareRootCop/SquareRootCop.srcs/sources_1/bd/mb_design/ip/mb_design_auto_pc_8/mb_design_auto_pc_8_stub.vhdl'. Please regenerate to continue.
WARNING: [IP_Flow 19-3664] IP 'mb_design_auto_pc_8' generated file not found 'c:/Users/Pedro/Dropbox/UA/CR/Project/CR-Project/SquareRootCop/SquareRootCop.srcs/sources_1/bd/mb_design/ip/mb_design_auto_pc_8/mb_design_auto_pc_8_sim_netlist.v'. Please regenerate to continue.
WARNING: [IP_Flow 19-3664] IP 'mb_design_auto_pc_8' generated file not found 'c:/Users/Pedro/Dropbox/UA/CR/Project/CR-Project/SquareRootCop/SquareRootCop.srcs/sources_1/bd/mb_design/ip/mb_design_auto_pc_8/mb_design_auto_pc_8_sim_netlist.vhdl'. Please regenerate to continue.
open_project: Time (s): cpu = 00:00:20 ; elapsed = 00:00:12 . Memory (MB): peak = 739.789 ; gain = 95.016
open_bd_design {C:/Users/Pedro/Dropbox/UA/CR/Project/CR-Project/SquareRootCop/SquareRootCop.srcs/sources_1/bd/mb_design/mb_design.bd}
Adding component instance block -- xilinx.com:ip:axi_interconnect:2.1 - microblaze_0_axi_periph
Adding component instance block -- xilinx.com:ip:axi_crossbar:2.1 - xbar
Adding component instance block -- xilinx.com:ip:axi_protocol_converter:2.1 - auto_pc
Adding component instance block -- xilinx.com:ip:axi_protocol_converter:2.1 - auto_pc
Adding component instance block -- xilinx.com:ip:axi_protocol_converter:2.1 - auto_pc
Adding component instance block -- xilinx.com:ip:axi_protocol_converter:2.1 - auto_pc
Adding component instance block -- xilinx.com:ip:axi_protocol_converter:2.1 - auto_pc
Adding component instance block -- xilinx.com:ip:axi_protocol_converter:2.1 - auto_pc
Adding component instance block -- xilinx.com:ip:axi_protocol_converter:2.1 - auto_pc
Adding component instance block -- xilinx.com:ip:axi_protocol_converter:2.1 - auto_pc
Adding component instance block -- xilinx.com:ip:axi_protocol_converter:2.1 - auto_pc
Adding component instance block -- xilinx.com:ip:axi_protocol_converter:2.1 - auto_pc
Adding component instance block -- xilinx.com:ip:axi_intc:4.1 - microblaze_0_axi_intc
Adding component instance block -- xilinx.com:ip:xlconcat:2.1 - microblaze_0_xlconcat
Adding component instance block -- xilinx.com:ip:mdm:3.2 - mdm_1
Adding component instance block -- xilinx.com:ip:clk_wiz:6.0 - clk_wiz_1
Adding component instance block -- xilinx.com:ip:proc_sys_reset:5.0 - rst_clk_wiz_1_100M
Adding component instance block -- xilinx.com:ip:axi_gpio:2.0 - axi_gpio_buttons
Adding component instance block -- xilinx.com:ip:axi_gpio:2.0 - axi_gpio_switches
Adding component instance block -- xilinx.com:ip:axi_gpio:2.0 - axi_gpio_leds
Adding component instance block -- xilinx.com:ip:axi_gpio:2.0 - axi_gpio_display
Adding component instance block -- xilinx.com:ip:axi_uartlite:2.0 - axi_uartlite_0
Adding component instance block -- xilinx.com:ip:axi_timer:2.0 - axi_timer_0
Adding component instance block -- xilinx.com:ip:fit_timer:2.0 - fit_timer_0
Adding component instance block -- xilinx.com:ip:microblaze:11.0 - microblaze_0
Adding component instance block -- xilinx.com:ip:lmb_v10:3.0 - dlmb_v10
Adding component instance block -- xilinx.com:ip:lmb_v10:3.0 - ilmb_v10
Adding component instance block -- xilinx.com:ip:lmb_bram_if_cntlr:4.0 - dlmb_bram_if_cntlr
Adding component instance block -- xilinx.com:ip:lmb_bram_if_cntlr:4.0 - ilmb_bram_if_cntlr
Adding component instance block -- xilinx.com:ip:blk_mem_gen:8.4 - lmb_bram
Adding component instance block -- xilinx.com:ip:axi_emc:3.0 - axi_emc_0
Adding component instance block -- xilinx.com:ip:axi_dma:7.1 - axi_dma_0
Adding component instance block -- xilinx.com:ip:axis_data_fifo:2.0 - axis_data_fifo_0
Adding component instance block -- xilinx.com:user:SquareRootCop:1.0 - SquareRootCop_0
Excluding slave segment /SquareRootCop_0/S00_AXI/S00_AXI_reg from address space /axi_dma_0/Data_MM2S.
Excluding slave segment /axi_dma_0/S_AXI_LITE/Reg from address space /axi_dma_0/Data_MM2S.
Excluding slave segment /axi_gpio_buttons/S_AXI/Reg from address space /axi_dma_0/Data_MM2S.
Excluding slave segment /axi_gpio_display/S_AXI/Reg from address space /axi_dma_0/Data_MM2S.
Excluding slave segment /axi_gpio_leds/S_AXI/Reg from address space /axi_dma_0/Data_MM2S.
Excluding slave segment /axi_gpio_switches/S_AXI/Reg from address space /axi_dma_0/Data_MM2S.
Excluding slave segment /axi_timer_0/S_AXI/Reg from address space /axi_dma_0/Data_MM2S.
Excluding slave segment /axi_uartlite_0/S_AXI/Reg from address space /axi_dma_0/Data_MM2S.
Excluding slave segment /microblaze_0_axi_intc/S_AXI/Reg from address space /axi_dma_0/Data_MM2S.
Excluding slave segment /SquareRootCop_0/S00_AXI/S00_AXI_reg from address space /axi_dma_0/Data_S2MM.
Excluding slave segment /axi_dma_0/S_AXI_LITE/Reg from address space /axi_dma_0/Data_S2MM.
Excluding slave segment /axi_gpio_buttons/S_AXI/Reg from address space /axi_dma_0/Data_S2MM.
Excluding slave segment /axi_gpio_display/S_AXI/Reg from address space /axi_dma_0/Data_S2MM.
Excluding slave segment /axi_gpio_leds/S_AXI/Reg from address space /axi_dma_0/Data_S2MM.
Excluding slave segment /axi_gpio_switches/S_AXI/Reg from address space /axi_dma_0/Data_S2MM.
Excluding slave segment /axi_timer_0/S_AXI/Reg from address space /axi_dma_0/Data_S2MM.
Excluding slave segment /axi_uartlite_0/S_AXI/Reg from address space /axi_dma_0/Data_S2MM.
Excluding slave segment /microblaze_0_axi_intc/S_AXI/Reg from address space /axi_dma_0/Data_S2MM.
Successfully read diagram <mb_design> from BD file <C:/Users/Pedro/Dropbox/UA/CR/Project/CR-Project/SquareRootCop/SquareRootCop.srcs/sources_1/bd/mb_design/mb_design.bd>
open_bd_design: Time (s): cpu = 00:00:17 ; elapsed = 00:00:14 . Memory (MB): peak = 921.266 ; gain = 125.508
update_compile_order -fileset sources_1
delete_bd_objs [get_bd_intf_nets axis_data_fifo_0_M_AXIS] [get_bd_intf_nets SquareRootCop_0_M00_AXIS] [get_bd_intf_nets microblaze_0_axi_periph_M09_AXI] [get_bd_cells SquareRootCop_0]
startgroup
create_bd_cell -type ip -vlnv xilinx.com:ip:axi_dma:7.1 axi_dma_1
endgroup
set_property location {2 499 895} [get_bd_cells axi_dma_1]
set_property -dict [list CONFIG.c_include_sg {0} CONFIG.c_sg_length_width {26} CONFIG.c_sg_include_stscntrl_strm {0} CONFIG.c_include_mm2s {0}] [get_bd_cells axi_dma_1]
set_property name axi_dma_sqrt [get_bd_cells axi_dma_1]
set_property name axi_dma_sqrt_value [get_bd_cells axi_dma_sqrt]
set_property location {2.5 591 791} [get_bd_cells axi_dma_sqrt_value]
set_property location {3 604 773} [get_bd_cells axi_dma_sqrt_value]
save_bd_design
Wrote  : <C:\Users\Pedro\Dropbox\UA\CR\Project\CR-Project\SquareRootCop\SquareRootCop.srcs\sources_1\bd\mb_design\mb_design.bd> 
Wrote  : <C:/Users/Pedro/Dropbox/UA/CR/Project/CR-Project/SquareRootCop/SquareRootCop.srcs/sources_1/bd/mb_design/ui/bd_db273ea8.ui> 
WARNING: [IP_Flow 19-4318] IP-XACT file does not exist: c:/Users/Pedro/Dropbox/UA/CR/Project/CR-Project/ip_repo/SquareRootCop_1.0/component.xml. It will be created.
update_ip_catalog -rebuild -scan_changes
INFO: [IP_Flow 19-234] Refreshing IP repositories
INFO: [IP_Flow 19-1700] Loaded user IP repository 'c:/Users/Pedro/Dropbox/UA/CR/Project/CR-Project/ip_repo/SquareRootCop_1.0'.
