Vivado Simulator 2019.2
Copyright 1986-1999, 2001-2019 Xilinx, Inc. All Rights Reserved.
Running: C:/Xilinx/Vivado/2019.2/bin/unwrapped/win64.o/xelab.exe -wto be929b24a1ae4b259b8e38f4140539f5 --incr --debug typical --relax --mt 2 -L xil_defaultlib -L secureip --snapshot SquareRootTb_behav xil_defaultlib.SquareRootTb -log elaborate.log 
Using 2 slave threads.
Starting static elaboration
Completed static elaboration
Starting simulation data flow analysis
Completed simulation data flow analysis
Time Resolution for simulation is 1ps
Compiling package std.standard
Compiling package std.textio
Compiling package ieee.std_logic_1164
Compiling package ieee.std_logic_arith
Compiling package ieee.std_logic_unsigned
Compiling package ieee.std_logic_textio
Compiling package ieee.numeric_std
Compiling package unisim.vcomponents
Compiling architecture structural of entity xil_defaultlib.comparatorLessThan [\comparatorLessThan(word_size=32...]
Compiling architecture behavioral of entity xil_defaultlib.mux2NtoN [\mux2NtoN(word_size=32)\]
Compiling architecture structural of entity xil_defaultlib.SquareRootBasicBlock [\SquareRootBasicBlock(word_size=...]
Compiling architecture behavioral of entity xil_defaultlib.flipFlopDPET [flipflopdpet_default]
Compiling architecture structural of entity xil_defaultlib.RegisterNBits [\RegisterNBits(word_size=32)\]
Compiling architecture structural of entity xil_defaultlib.RegisterBank [\RegisterBank(word_size=32)\]
Compiling architecture structural of entity xil_defaultlib.SquareRoot [squareroot_default]
Compiling architecture stimulus of entity xil_defaultlib.squareroottb
Built simulation snapshot SquareRootTb_behav
