TRACE::2020-07-11.23:48:20::SCWPlatform::Trying to open the hw design at C:/Users/Pedro/Dropbox/UA/CR/Project/CR-Project/SquareRootCopWorkspace/SquareRootCop/hw/SquareRootCop.xsa
TRACE::2020-07-11.23:48:20::SCWPlatform::DSA given C:/Users/Pedro/Dropbox/UA/CR/Project/CR-Project/SquareRootCopWorkspace/SquareRootCop/hw/SquareRootCop.xsa
TRACE::2020-07-11.23:48:20::SCWPlatform::DSA absoulate path C:/Users/Pedro/Dropbox/UA/CR/Project/CR-Project/SquareRootCopWorkspace/SquareRootCop/hw/SquareRootCop.xsa
TRACE::2020-07-11.23:48:23::SCWPlatform::DSA directory C:/Users/Pedro/Dropbox/UA/CR/Project/CR-Project/SquareRootCopWorkspace/SquareRootCop/hw
TRACE::2020-07-11.23:48:23::SCWPlatform:: Platform Path C:/Users/Pedro/Dropbox/UA/CR/Project/CR-Project/SquareRootCopWorkspace/SquareRootCop/hw/SquareRootCop.xsa
TRACE::2020-07-11.23:48:23::SCWPlatform:: Unique name xilinx:nexys4::0.0
TRACE::2020-07-11.23:48:23::SCWPlatform::Do not have an existing db opened. 
TRACE::2020-07-11.23:48:23::SCWPlatform::Opened new HwDB with name mb_design_wrapper_0
TRACE::2020-07-11.23:48:23::SCWWriter::formatted JSON is {
	"platformName":	"SquareRootCop",
	"sprVersion":	"2.0",
	"mode":	"gui",
	"dsaType":	"Fixed",
	"platformDesc":	"SquareRootCop",
	"platHandOff":	"C:/Users/Pedro/Dropbox/UA/CR/Project/CR-Project/SquareRootCop/SquareRootCop.xsa",
	"platIntHandOff":	"<platformDir>/hw/SquareRootCop.xsa",
	"deviceType":	"FPGA",
	"platIsPrebuiltAutogen":	"false",
	"platIsNoBootBsp":	"false",
	"hasFsblMakeHasChanges":	"false",
	"hasPmufwMakeHasChanges":	"false",
	"platPreBuiltFlag":	false,
	"platformSamplesDir":	""
}
TRACE::2020-07-11.23:48:23::SCWWriter::formatted JSON is {
	"platformName":	"SquareRootCop",
	"sprVersion":	"2.0",
	"mode":	"gui",
	"dsaType":	"Fixed",
	"platformDesc":	"SquareRootCop",
	"platHandOff":	"C:/Users/Pedro/Dropbox/UA/CR/Project/CR-Project/SquareRootCop/SquareRootCop.xsa",
	"platIntHandOff":	"<platformDir>/hw/SquareRootCop.xsa",
	"deviceType":	"FPGA",
	"platIsPrebuiltAutogen":	"false",
	"platIsNoBootBsp":	"false",
	"hasFsblMakeHasChanges":	"false",
	"hasPmufwMakeHasChanges":	"false",
	"platPreBuiltFlag":	false,
	"platformSamplesDir":	"",
	"platActiveSys":	"SquareRootCop",
	"systems":	[{
			"systemName":	"SquareRootCop",
			"systemDesc":	"SquareRootCop",
			"sysIsBootAutoGen":	"true",
			"systemDispName":	"SquareRootCop"
		}]
}
TRACE::2020-07-11.23:48:23::SCWPlatform::Boot application domains not present, creating them
TRACE::2020-07-11.23:48:23::SCWPlatform::Pure FPGA device, no boot application will be created.
TRACE::2020-07-11.23:48:23::SCWWriter::formatted JSON is {
	"platformName":	"SquareRootCop",
	"sprVersion":	"2.0",
	"mode":	"gui",
	"dsaType":	"Fixed",
	"platformDesc":	"SquareRootCop",
	"platHandOff":	"C:/Users/Pedro/Dropbox/UA/CR/Project/CR-Project/SquareRootCop/SquareRootCop.xsa",
	"platIntHandOff":	"<platformDir>/hw/SquareRootCop.xsa",
	"deviceType":	"FPGA",
	"platIsPrebuiltAutogen":	"false",
	"platIsNoBootBsp":	"false",
	"hasFsblMakeHasChanges":	"false",
	"hasPmufwMakeHasChanges":	"false",
	"platPreBuiltFlag":	false,
	"platformSamplesDir":	"",
	"platActiveSys":	"SquareRootCop",
	"systems":	[{
			"systemName":	"SquareRootCop",
			"systemDesc":	"SquareRootCop",
			"sysIsBootAutoGen":	"true",
			"systemDispName":	"SquareRootCop"
		}]
}
TRACE::2020-07-11.23:48:23::SCWWriter::formatted JSON is {
	"platformName":	"SquareRootCop",
	"sprVersion":	"2.0",
	"mode":	"gui",
	"dsaType":	"Fixed",
	"platformDesc":	"SquareRootCop",
	"platHandOff":	"C:/Users/Pedro/Dropbox/UA/CR/Project/CR-Project/SquareRootCop/SquareRootCop.xsa",
	"platIntHandOff":	"<platformDir>/hw/SquareRootCop.xsa",
	"deviceType":	"FPGA",
	"platIsPrebuiltAutogen":	"false",
	"platIsNoBootBsp":	"false",
	"hasFsblMakeHasChanges":	"false",
	"hasPmufwMakeHasChanges":	"false",
	"platPreBuiltFlag":	false,
	"platformSamplesDir":	"",
	"platActiveSys":	"SquareRootCop",
	"systems":	[{
			"systemName":	"SquareRootCop",
			"systemDesc":	"SquareRootCop",
			"sysIsBootAutoGen":	"true",
			"systemDispName":	"SquareRootCop"
		}]
}
TRACE::2020-07-11.23:48:23::SCWPlatform::Trying to open the hw design at C:/Users/Pedro/Dropbox/UA/CR/Project/CR-Project/SquareRootCopWorkspace/SquareRootCop/hw/SquareRootCop.xsa
TRACE::2020-07-11.23:48:23::SCWPlatform::DSA given C:/Users/Pedro/Dropbox/UA/CR/Project/CR-Project/SquareRootCopWorkspace/SquareRootCop/hw/SquareRootCop.xsa
TRACE::2020-07-11.23:48:23::SCWPlatform::DSA absoulate path C:/Users/Pedro/Dropbox/UA/CR/Project/CR-Project/SquareRootCopWorkspace/SquareRootCop/hw/SquareRootCop.xsa
TRACE::2020-07-11.23:48:23::SCWPlatform::DSA directory C:/Users/Pedro/Dropbox/UA/CR/Project/CR-Project/SquareRootCopWorkspace/SquareRootCop/hw
TRACE::2020-07-11.23:48:23::SCWPlatform:: Platform Path C:/Users/Pedro/Dropbox/UA/CR/Project/CR-Project/SquareRootCopWorkspace/SquareRootCop/hw/SquareRootCop.xsa
TRACE::2020-07-11.23:48:23::SCWPlatform:: Unique name xilinx:nexys4::0.0
TRACE::2020-07-11.23:48:23::SCWPlatform::Trying to set the existing hwdb with name mb_design_wrapper_0
TRACE::2020-07-11.23:48:23::SCWPlatform::Opened existing hwdb mb_design_wrapper_0
TRACE::2020-07-11.23:48:24::SCWPlatform::Found the Hw Db part of the input DSA
TRACE::2020-07-11.23:48:24::SCWDomain::checking for install qemu data   : 
TRACE::2020-07-11.23:48:24::SCWPlatform::Trying to open the hw design at C:/Users/Pedro/Dropbox/UA/CR/Project/CR-Project/SquareRootCopWorkspace/SquareRootCop/hw/SquareRootCop.xsa
TRACE::2020-07-11.23:48:24::SCWPlatform::DSA given C:/Users/Pedro/Dropbox/UA/CR/Project/CR-Project/SquareRootCopWorkspace/SquareRootCop/hw/SquareRootCop.xsa
TRACE::2020-07-11.23:48:24::SCWPlatform::DSA absoulate path C:/Users/Pedro/Dropbox/UA/CR/Project/CR-Project/SquareRootCopWorkspace/SquareRootCop/hw/SquareRootCop.xsa
TRACE::2020-07-11.23:48:24::SCWPlatform::DSA directory C:/Users/Pedro/Dropbox/UA/CR/Project/CR-Project/SquareRootCopWorkspace/SquareRootCop/hw
TRACE::2020-07-11.23:48:24::SCWPlatform:: Platform Path C:/Users/Pedro/Dropbox/UA/CR/Project/CR-Project/SquareRootCopWorkspace/SquareRootCop/hw/SquareRootCop.xsa
TRACE::2020-07-11.23:48:24::SCWPlatform:: Unique name xilinx:nexys4::0.0
TRACE::2020-07-11.23:48:24::SCWPlatform::Trying to set the existing hwdb with name mb_design_wrapper_0
TRACE::2020-07-11.23:48:24::SCWPlatform::Opened existing hwdb mb_design_wrapper_0
TRACE::2020-07-11.23:48:24::SCWPlatform::Found the Hw Db part of the input DSA
TRACE::2020-07-11.23:48:24::SCWPlatform::Trying to open the hw design at C:/Users/Pedro/Dropbox/UA/CR/Project/CR-Project/SquareRootCopWorkspace/SquareRootCop/hw/SquareRootCop.xsa
TRACE::2020-07-11.23:48:24::SCWPlatform::DSA given C:/Users/Pedro/Dropbox/UA/CR/Project/CR-Project/SquareRootCopWorkspace/SquareRootCop/hw/SquareRootCop.xsa
TRACE::2020-07-11.23:48:24::SCWPlatform::DSA absoulate path C:/Users/Pedro/Dropbox/UA/CR/Project/CR-Project/SquareRootCopWorkspace/SquareRootCop/hw/SquareRootCop.xsa
TRACE::2020-07-11.23:48:24::SCWPlatform::DSA directory C:/Users/Pedro/Dropbox/UA/CR/Project/CR-Project/SquareRootCopWorkspace/SquareRootCop/hw
TRACE::2020-07-11.23:48:24::SCWPlatform:: Platform Path C:/Users/Pedro/Dropbox/UA/CR/Project/CR-Project/SquareRootCopWorkspace/SquareRootCop/hw/SquareRootCop.xsa
TRACE::2020-07-11.23:48:24::SCWPlatform:: Unique name xilinx:nexys4::0.0
TRACE::2020-07-11.23:48:24::SCWPlatform::Trying to set the existing hwdb with name mb_design_wrapper_0
TRACE::2020-07-11.23:48:24::SCWPlatform::Opened existing hwdb mb_design_wrapper_0
TRACE::2020-07-11.23:48:24::SCWPlatform::Found the Hw Db part of the input DSA
TRACE::2020-07-11.23:48:24::SCWMssOS::Checking the sw design at  C:/Users/Pedro/Dropbox/UA/CR/Project/CR-Project/SquareRootCopWorkspace/SquareRootCop/microblaze_0/standalone_domain/bsp/system.mss
TRACE::2020-07-11.23:48:24::SCWMssOS::DEBUG:  swdes dump  
TRACE::2020-07-11.23:48:24::SCWMssOS::No sw design opened at  C:/Users/Pedro/Dropbox/UA/CR/Project/CR-Project/SquareRootCopWorkspace/SquareRootCop/microblaze_0/standalone_domain/bsp/system.mss
TRACE::2020-07-11.23:48:24::SCWMssOS::mss does not exists at C:/Users/Pedro/Dropbox/UA/CR/Project/CR-Project/SquareRootCopWorkspace/SquareRootCop/microblaze_0/standalone_domain/bsp/system.mss
TRACE::2020-07-11.23:48:24::SCWMssOS::Creating sw design at  C:/Users/Pedro/Dropbox/UA/CR/Project/CR-Project/SquareRootCopWorkspace/SquareRootCop/microblaze_0/standalone_domain/bsp/system.mss
TRACE::2020-07-11.23:48:24::SCWMssOS::Adding the swdes entry, created swdb C:/Users/Pedro/Dropbox/UA/CR/Project/CR-Project/SquareRootCopWorkspace/SquareRootCop/microblaze_0/standalone_domain/bsp/system.mss with des name C:/Users/Pedro/Dropbox/UA/CR/Project/CR-Project/SquareRootCopWorkspace/SquareRootCop/microblaze_0/standalone_domain/bsp/system.mss
TRACE::2020-07-11.23:48:24::SCWMssOS::updating the scw layer changes to swdes at   C:/Users/Pedro/Dropbox/UA/CR/Project/CR-Project/SquareRootCopWorkspace/SquareRootCop/microblaze_0/standalone_domain/bsp/system.mss
TRACE::2020-07-11.23:48:24::SCWMssOS::Writing mss at C:/Users/Pedro/Dropbox/UA/CR/Project/CR-Project/SquareRootCopWorkspace/SquareRootCop/microblaze_0/standalone_domain/bsp/system.mss
TRACE::2020-07-11.23:48:24::SCWMssOS::Completed writing the mss file at C:/Users/Pedro/Dropbox/UA/CR/Project/CR-Project/SquareRootCopWorkspace/SquareRootCop/microblaze_0/standalone_domain/bsp
TRACE::2020-07-11.23:48:24::SCWMssOS::Picking up changes from newly written mss file into SCW Layer. 
TRACE::2020-07-11.23:48:24::SCWMssOS::Updated the changes from newly written mss file into SCW Layer. 
TRACE::2020-07-11.23:48:24::SCWPlatform::Trying to open the hw design at C:/Users/Pedro/Dropbox/UA/CR/Project/CR-Project/SquareRootCopWorkspace/SquareRootCop/hw/SquareRootCop.xsa
TRACE::2020-07-11.23:48:24::SCWPlatform::DSA given C:/Users/Pedro/Dropbox/UA/CR/Project/CR-Project/SquareRootCopWorkspace/SquareRootCop/hw/SquareRootCop.xsa
TRACE::2020-07-11.23:48:24::SCWPlatform::DSA absoulate path C:/Users/Pedro/Dropbox/UA/CR/Project/CR-Project/SquareRootCopWorkspace/SquareRootCop/hw/SquareRootCop.xsa
TRACE::2020-07-11.23:48:24::SCWPlatform::DSA directory C:/Users/Pedro/Dropbox/UA/CR/Project/CR-Project/SquareRootCopWorkspace/SquareRootCop/hw
TRACE::2020-07-11.23:48:24::SCWPlatform:: Platform Path C:/Users/Pedro/Dropbox/UA/CR/Project/CR-Project/SquareRootCopWorkspace/SquareRootCop/hw/SquareRootCop.xsa
TRACE::2020-07-11.23:48:24::SCWPlatform:: Unique name xilinx:nexys4::0.0
TRACE::2020-07-11.23:48:24::SCWPlatform::Trying to set the existing hwdb with name mb_design_wrapper_0
TRACE::2020-07-11.23:48:24::SCWPlatform::Opened existing hwdb mb_design_wrapper_0
TRACE::2020-07-11.23:48:24::SCWPlatform::Found the Hw Db part of the input DSA
TRACE::2020-07-11.23:48:24::SCWMssOS::Checking the sw design at  C:/Users/Pedro/Dropbox/UA/CR/Project/CR-Project/SquareRootCopWorkspace/SquareRootCop/microblaze_0/standalone_domain/bsp/system.mss
TRACE::2020-07-11.23:48:24::SCWMssOS::DEBUG:  swdes dump  C:/Users/Pedro/Dropbox/UA/CR/Project/CR-Project/SquareRootCopWorkspace/SquareRootCop/microblaze_0/standalone_domain/bsp/system.mss|C:/Users/Pedro/Dropbox/UA/CR/Project/CR-Project/SquareRootCopWorkspace/SquareRootCop/microblaze_0/standalone_domain/bsp/system.mss||

TRACE::2020-07-11.23:48:24::SCWMssOS::Sw design exists and opened at  C:/Users/Pedro/Dropbox/UA/CR/Project/CR-Project/SquareRootCopWorkspace/SquareRootCop/microblaze_0/standalone_domain/bsp/system.mss
TRACE::2020-07-11.23:48:24::SCWPlatform::Trying to open the hw design at C:/Users/Pedro/Dropbox/UA/CR/Project/CR-Project/SquareRootCopWorkspace/SquareRootCop/hw/SquareRootCop.xsa
TRACE::2020-07-11.23:48:24::SCWPlatform::DSA given C:/Users/Pedro/Dropbox/UA/CR/Project/CR-Project/SquareRootCopWorkspace/SquareRootCop/hw/SquareRootCop.xsa
TRACE::2020-07-11.23:48:24::SCWPlatform::DSA absoulate path C:/Users/Pedro/Dropbox/UA/CR/Project/CR-Project/SquareRootCopWorkspace/SquareRootCop/hw/SquareRootCop.xsa
TRACE::2020-07-11.23:48:24::SCWPlatform::DSA directory C:/Users/Pedro/Dropbox/UA/CR/Project/CR-Project/SquareRootCopWorkspace/SquareRootCop/hw
TRACE::2020-07-11.23:48:24::SCWPlatform:: Platform Path C:/Users/Pedro/Dropbox/UA/CR/Project/CR-Project/SquareRootCopWorkspace/SquareRootCop/hw/SquareRootCop.xsa
TRACE::2020-07-11.23:48:24::SCWPlatform:: Unique name xilinx:nexys4::0.0
TRACE::2020-07-11.23:48:24::SCWPlatform::Trying to set the existing hwdb with name mb_design_wrapper_0
TRACE::2020-07-11.23:48:24::SCWPlatform::Opened existing hwdb mb_design_wrapper_0
TRACE::2020-07-11.23:48:24::SCWPlatform::Found the Hw Db part of the input DSA
TRACE::2020-07-11.23:48:24::SCWMssOS::Checking the sw design at  C:/Users/Pedro/Dropbox/UA/CR/Project/CR-Project/SquareRootCopWorkspace/SquareRootCop/microblaze_0/standalone_domain/bsp/system.mss
TRACE::2020-07-11.23:48:24::SCWMssOS::DEBUG:  swdes dump  C:/Users/Pedro/Dropbox/UA/CR/Project/CR-Project/SquareRootCopWorkspace/SquareRootCop/microblaze_0/standalone_domain/bsp/system.mss|C:/Users/Pedro/Dropbox/UA/CR/Project/CR-Project/SquareRootCopWorkspace/SquareRootCop/microblaze_0/standalone_domain/bsp/system.mss||

TRACE::2020-07-11.23:48:24::SCWMssOS::Sw design exists and opened at  C:/Users/Pedro/Dropbox/UA/CR/Project/CR-Project/SquareRootCopWorkspace/SquareRootCop/microblaze_0/standalone_domain/bsp/system.mss
TRACE::2020-07-11.23:48:24::SCWPlatform::Trying to open the hw design at C:/Users/Pedro/Dropbox/UA/CR/Project/CR-Project/SquareRootCopWorkspace/SquareRootCop/hw/SquareRootCop.xsa
TRACE::2020-07-11.23:48:24::SCWPlatform::DSA given C:/Users/Pedro/Dropbox/UA/CR/Project/CR-Project/SquareRootCopWorkspace/SquareRootCop/hw/SquareRootCop.xsa
TRACE::2020-07-11.23:48:24::SCWPlatform::DSA absoulate path C:/Users/Pedro/Dropbox/UA/CR/Project/CR-Project/SquareRootCopWorkspace/SquareRootCop/hw/SquareRootCop.xsa
TRACE::2020-07-11.23:48:24::SCWPlatform::DSA directory C:/Users/Pedro/Dropbox/UA/CR/Project/CR-Project/SquareRootCopWorkspace/SquareRootCop/hw
TRACE::2020-07-11.23:48:24::SCWPlatform:: Platform Path C:/Users/Pedro/Dropbox/UA/CR/Project/CR-Project/SquareRootCopWorkspace/SquareRootCop/hw/SquareRootCop.xsa
TRACE::2020-07-11.23:48:24::SCWPlatform:: Unique name xilinx:nexys4::0.0
TRACE::2020-07-11.23:48:24::SCWPlatform::Trying to set the existing hwdb with name mb_design_wrapper_0
TRACE::2020-07-11.23:48:24::SCWPlatform::Opened existing hwdb mb_design_wrapper_0
TRACE::2020-07-11.23:48:24::SCWPlatform::Found the Hw Db part of the input DSA
TRACE::2020-07-11.23:48:24::SCWMssOS::Checking the sw design at  C:/Users/Pedro/Dropbox/UA/CR/Project/CR-Project/SquareRootCopWorkspace/SquareRootCop/microblaze_0/standalone_domain/bsp/system.mss
TRACE::2020-07-11.23:48:24::SCWMssOS::DEBUG:  swdes dump  C:/Users/Pedro/Dropbox/UA/CR/Project/CR-Project/SquareRootCopWorkspace/SquareRootCop/microblaze_0/standalone_domain/bsp/system.mss|C:/Users/Pedro/Dropbox/UA/CR/Project/CR-Project/SquareRootCopWorkspace/SquareRootCop/microblaze_0/standalone_domain/bsp/system.mss||

TRACE::2020-07-11.23:48:24::SCWMssOS::Sw design exists and opened at  C:/Users/Pedro/Dropbox/UA/CR/Project/CR-Project/SquareRootCopWorkspace/SquareRootCop/microblaze_0/standalone_domain/bsp/system.mss
TRACE::2020-07-11.23:48:24::SCWWriter::formatted JSON is {
	"platformName":	"SquareRootCop",
	"sprVersion":	"2.0",
	"mode":	"gui",
	"dsaType":	"Fixed",
	"platformDesc":	"SquareRootCop",
	"platHandOff":	"C:/Users/Pedro/Dropbox/UA/CR/Project/CR-Project/SquareRootCop/SquareRootCop.xsa",
	"platIntHandOff":	"<platformDir>/hw/SquareRootCop.xsa",
	"deviceType":	"FPGA",
	"platIsPrebuiltAutogen":	"false",
	"platIsNoBootBsp":	"false",
	"hasFsblMakeHasChanges":	"false",
	"hasPmufwMakeHasChanges":	"false",
	"platPreBuiltFlag":	false,
	"platformSamplesDir":	"",
	"platActiveSys":	"SquareRootCop",
	"systems":	[{
			"systemName":	"SquareRootCop",
			"systemDesc":	"SquareRootCop",
			"sysIsBootAutoGen":	"true",
			"systemDispName":	"SquareRootCop",
			"sysActiveDom":	"standalone_domain",
			"sysDefaultDom":	"standalone_domain",
			"domains":	[{
					"domainName":	"standalone_domain",
					"domainDispName":	"standalone on microblaze_0",
					"domainDesc":	"standalone_domain",
					"processors":	"microblaze_0",
					"os":	"standalone",
					"sdxOs":	"standalone",
					"debugEnable":	"False",
					"domRuntimes":	["cpp"],
					"swRepo":	"",
					"mssOsVer":	"7.1",
					"mssFile":	"",
					"md5Digest":	"",
					"compatibleApp":	"hello_world",
					"domType":	"mssDomain",
					"arch":	"32-bit",
					"appSettings":	{
						"appCompilerFlags":	"",
						"appLinkerFlags":	""
					},
					"addedLibs":	[],
					"libOptions":	{
						"libsContainingOptions":	[]
					},
					"prebuiltLibs":	{
						"prebuiltIncPath":	[],
						"prebuiltLibPath":	[]
					},
					"isolation":	{
					}
				}]
		}]
}
TRACE::2020-07-11.23:48:24::SCWPlatform::Trying to open the hw design at C:/Users/Pedro/Dropbox/UA/CR/Project/CR-Project/SquareRootCopWorkspace/SquareRootCop/hw/SquareRootCop.xsa
TRACE::2020-07-11.23:48:24::SCWPlatform::DSA given C:/Users/Pedro/Dropbox/UA/CR/Project/CR-Project/SquareRootCopWorkspace/SquareRootCop/hw/SquareRootCop.xsa
TRACE::2020-07-11.23:48:24::SCWPlatform::DSA absoulate path C:/Users/Pedro/Dropbox/UA/CR/Project/CR-Project/SquareRootCopWorkspace/SquareRootCop/hw/SquareRootCop.xsa
TRACE::2020-07-11.23:48:24::SCWPlatform::DSA directory C:/Users/Pedro/Dropbox/UA/CR/Project/CR-Project/SquareRootCopWorkspace/SquareRootCop/hw
TRACE::2020-07-11.23:48:24::SCWPlatform:: Platform Path C:/Users/Pedro/Dropbox/UA/CR/Project/CR-Project/SquareRootCopWorkspace/SquareRootCop/hw/SquareRootCop.xsa
TRACE::2020-07-11.23:48:24::SCWPlatform:: Unique name xilinx:nexys4::0.0
TRACE::2020-07-11.23:48:24::SCWPlatform::Trying to set the existing hwdb with name mb_design_wrapper_0
TRACE::2020-07-11.23:48:24::SCWPlatform::Opened existing hwdb mb_design_wrapper_0
TRACE::2020-07-11.23:48:24::SCWPlatform::Found the Hw Db part of the input DSA
TRACE::2020-07-11.23:48:24::SCWMssOS::Checking the sw design at  C:/Users/Pedro/Dropbox/UA/CR/Project/CR-Project/SquareRootCopWorkspace/SquareRootCop/microblaze_0/standalone_domain/bsp/system.mss
TRACE::2020-07-11.23:48:24::SCWMssOS::DEBUG:  swdes dump  C:/Users/Pedro/Dropbox/UA/CR/Project/CR-Project/SquareRootCopWorkspace/SquareRootCop/microblaze_0/standalone_domain/bsp/system.mss|C:/Users/Pedro/Dropbox/UA/CR/Project/CR-Project/SquareRootCopWorkspace/SquareRootCop/microblaze_0/standalone_domain/bsp/system.mss||

TRACE::2020-07-11.23:48:24::SCWMssOS::Sw design exists and opened at  C:/Users/Pedro/Dropbox/UA/CR/Project/CR-Project/SquareRootCopWorkspace/SquareRootCop/microblaze_0/standalone_domain/bsp/system.mss
TRACE::2020-07-11.23:48:24::SCWMssOS::Completed writing the mss file at C:/Users/Pedro/Dropbox/UA/CR/Project/CR-Project/SquareRootCopWorkspace/SquareRootCop/microblaze_0/standalone_domain/bsp
TRACE::2020-07-11.23:48:24::SCWMssOS::Forcing BSP Sources regeneration.
LOG::2020-07-11.23:48:31::SCWPlatform::Started generating the artifacts platform SquareRootCop
TRACE::2020-07-11.23:48:31::SCWPlatform::Sanity checking of platform is completed
LOG::2020-07-11.23:48:31::SCWPlatform::Started generating the artifacts for system configuration SquareRootCop
LOG::2020-07-11.23:48:31::SCWSystem::Checking the domain standalone_domain
LOG::2020-07-11.23:48:31::SCWSystem::Not a boot domain 
LOG::2020-07-11.23:48:31::SCWSystem::Started Processing the domain standalone_domain
TRACE::2020-07-11.23:48:31::SCWDomain::Generating domain artifcats
TRACE::2020-07-11.23:48:31::SCWMssOS::Generating standalone artifcats
TRACE::2020-07-11.23:48:31::SCWMssOS:: Copying the user libraries. 
TRACE::2020-07-11.23:48:31::SCWPlatform::Trying to open the hw design at C:/Users/Pedro/Dropbox/UA/CR/Project/CR-Project/SquareRootCopWorkspace/SquareRootCop/hw/SquareRootCop.xsa
TRACE::2020-07-11.23:48:31::SCWPlatform::DSA given C:/Users/Pedro/Dropbox/UA/CR/Project/CR-Project/SquareRootCopWorkspace/SquareRootCop/hw/SquareRootCop.xsa
TRACE::2020-07-11.23:48:31::SCWPlatform::DSA absoulate path C:/Users/Pedro/Dropbox/UA/CR/Project/CR-Project/SquareRootCopWorkspace/SquareRootCop/hw/SquareRootCop.xsa
TRACE::2020-07-11.23:48:31::SCWPlatform::DSA directory C:/Users/Pedro/Dropbox/UA/CR/Project/CR-Project/SquareRootCopWorkspace/SquareRootCop/hw
TRACE::2020-07-11.23:48:31::SCWPlatform:: Platform Path C:/Users/Pedro/Dropbox/UA/CR/Project/CR-Project/SquareRootCopWorkspace/SquareRootCop/hw/SquareRootCop.xsa
TRACE::2020-07-11.23:48:31::SCWPlatform:: Unique name xilinx:nexys4::0.0
TRACE::2020-07-11.23:48:31::SCWPlatform::Trying to set the existing hwdb with name mb_design_wrapper_0
TRACE::2020-07-11.23:48:31::SCWPlatform::Opened existing hwdb mb_design_wrapper_0
TRACE::2020-07-11.23:48:31::SCWPlatform::Found the Hw Db part of the input DSA
TRACE::2020-07-11.23:48:31::SCWMssOS::Checking the sw design at  C:/Users/Pedro/Dropbox/UA/CR/Project/CR-Project/SquareRootCopWorkspace/SquareRootCop/microblaze_0/standalone_domain/bsp/system.mss
TRACE::2020-07-11.23:48:31::SCWMssOS::DEBUG:  swdes dump  C:/Users/Pedro/Dropbox/UA/CR/Project/CR-Project/SquareRootCopWorkspace/SquareRootCop/microblaze_0/standalone_domain/bsp/system.mss|C:/Users/Pedro/Dropbox/UA/CR/Project/CR-Project/SquareRootCopWorkspace/SquareRootCop/microblaze_0/standalone_domain/bsp/system.mss||

KEYINFO::2020-07-11.23:48:31::SCWMssOS::Could not open the swdb for C:/Users/Pedro/Dropbox/UA/CR/Project/CR-Project/SquareRootCopWorkspace/SquareRootCop/microblaze_0/standalone_domain/bsp/system.mss
KEYINFO::2020-07-11.23:48:31::SCWMssOS::Could not open the sw design at  C:/Users/Pedro/Dropbox/UA/CR/Project/CR-Project/SquareRootCopWorkspace/SquareRootCop/microblaze_0/standalone_domain/bsp/system.mss
ERROR: [Hsi 55-1558] Software Design C:/Users/Pedro/Dropbox/UA/CR/Project/CR-Project/SquareRootCopWorkspace/SquareRootCop/microblaze_0/standalone_domain/bsp/system.mss is not found

TRACE::2020-07-11.23:48:31::SCWMssOS::Cleared the swdb table entry
TRACE::2020-07-11.23:48:31::SCWMssOS::No sw design opened at  C:/Users/Pedro/Dropbox/UA/CR/Project/CR-Project/SquareRootCopWorkspace/SquareRootCop/microblaze_0/standalone_domain/bsp/system.mss
TRACE::2020-07-11.23:48:31::SCWMssOS::mss exists loading the mss file  C:/Users/Pedro/Dropbox/UA/CR/Project/CR-Project/SquareRootCopWorkspace/SquareRootCop/microblaze_0/standalone_domain/bsp/system.mss
TRACE::2020-07-11.23:48:31::SCWMssOS::Opened the sw design from mss  C:/Users/Pedro/Dropbox/UA/CR/Project/CR-Project/SquareRootCopWorkspace/SquareRootCop/microblaze_0/standalone_domain/bsp/system.mss
TRACE::2020-07-11.23:48:31::SCWMssOS::Adding the swdes entry C:/Users/Pedro/Dropbox/UA/CR/Project/CR-Project/SquareRootCopWorkspace/SquareRootCop/microblaze_0/standalone_domain/bsp/system.mss with des name system
TRACE::2020-07-11.23:48:31::SCWMssOS::updating the scw layer about changes
TRACE::2020-07-11.23:48:31::SCWMssOS::Opened the sw design.  C:/Users/Pedro/Dropbox/UA/CR/Project/CR-Project/SquareRootCopWorkspace/SquareRootCop/microblaze_0/standalone_domain/bsp/system.mss
TRACE::2020-07-11.23:48:31::SCWMssOS::Completed writing the mss file at C:/Users/Pedro/Dropbox/UA/CR/Project/CR-Project/SquareRootCopWorkspace/SquareRootCop/microblaze_0/standalone_domain/bsp
TRACE::2020-07-11.23:48:31::SCWMssOS::Mss edits present, copying mssfile into export location C:/Users/Pedro/Dropbox/UA/CR/Project/CR-Project/SquareRootCopWorkspace/SquareRootCop/microblaze_0/standalone_domain/bsp/system.mss
TRACE::2020-07-11.23:48:31::SCWMssOS::bsp generated is upto date with the mss file. Skipping bsp generation.
TRACE::2020-07-11.23:48:31::SCWMssOS::BSP is already built. skipping the bsp build ... 
TRACE::2020-07-11.23:48:31::SCWDomain::Skipping the build for domain :  standalone_domain
TRACE::2020-07-11.23:48:31::SCWMssOS::skipping the bsp build ... 
TRACE::2020-07-11.23:48:31::SCWMssOS::Copying to export directory.
TRACE::2020-07-11.23:48:31::SCWMssOS:: Checking if to create the Supporting Applications
TRACE::2020-07-11.23:48:31::SCWMssOS:: No Linux domain exists, trying to generate FSBL 
LOG::2020-07-11.23:48:31::SCWSystem::Completed Processing the domain standalone_domain
LOG::2020-07-11.23:48:31::SCWSystem::Completed Processing the sysconfig SquareRootCop
LOG::2020-07-11.23:48:31::SCWPlatform::Completed generating the artifacts for system configuration SquareRootCop
TRACE::2020-07-11.23:48:31::SCWPlatform::Started preparing the platform 
TRACE::2020-07-11.23:48:31::SCWSystem::Writing the bif file for system config SquareRootCop
TRACE::2020-07-11.23:48:31::SCWSystem::dir created 
TRACE::2020-07-11.23:48:31::SCWSystem::Writing the bif 
TRACE::2020-07-11.23:48:31::SCWPlatform::Started writing the spfm file 
TRACE::2020-07-11.23:48:31::SCWPlatform::Started writing the xpfm file 
TRACE::2020-07-11.23:48:31::SCWPlatform::Completed generating the platform
TRACE::2020-07-11.23:48:31::SCWPlatform::Trying to open the hw design at C:/Users/Pedro/Dropbox/UA/CR/Project/CR-Project/SquareRootCopWorkspace/SquareRootCop/hw/SquareRootCop.xsa
TRACE::2020-07-11.23:48:31::SCWPlatform::DSA given C:/Users/Pedro/Dropbox/UA/CR/Project/CR-Project/SquareRootCopWorkspace/SquareRootCop/hw/SquareRootCop.xsa
TRACE::2020-07-11.23:48:31::SCWPlatform::DSA absoulate path C:/Users/Pedro/Dropbox/UA/CR/Project/CR-Project/SquareRootCopWorkspace/SquareRootCop/hw/SquareRootCop.xsa
TRACE::2020-07-11.23:48:31::SCWPlatform::DSA directory C:/Users/Pedro/Dropbox/UA/CR/Project/CR-Project/SquareRootCopWorkspace/SquareRootCop/hw
TRACE::2020-07-11.23:48:31::SCWPlatform:: Platform Path C:/Users/Pedro/Dropbox/UA/CR/Project/CR-Project/SquareRootCopWorkspace/SquareRootCop/hw/SquareRootCop.xsa
TRACE::2020-07-11.23:48:31::SCWPlatform:: Unique name xilinx:nexys4::0.0
TRACE::2020-07-11.23:48:31::SCWPlatform::Trying to set the existing hwdb with name mb_design_wrapper_0
TRACE::2020-07-11.23:48:31::SCWPlatform::Opened existing hwdb mb_design_wrapper_0
TRACE::2020-07-11.23:48:31::SCWPlatform::Found the Hw Db part of the input DSA
TRACE::2020-07-11.23:48:31::SCWMssOS::Checking the sw design at  C:/Users/Pedro/Dropbox/UA/CR/Project/CR-Project/SquareRootCopWorkspace/SquareRootCop/microblaze_0/standalone_domain/bsp/system.mss
TRACE::2020-07-11.23:48:31::SCWMssOS::DEBUG:  swdes dump  C:/Users/Pedro/Dropbox/UA/CR/Project/CR-Project/SquareRootCopWorkspace/SquareRootCop/microblaze_0/standalone_domain/bsp/system.mss|system||

TRACE::2020-07-11.23:48:31::SCWMssOS::Sw design exists and opened at  C:/Users/Pedro/Dropbox/UA/CR/Project/CR-Project/SquareRootCopWorkspace/SquareRootCop/microblaze_0/standalone_domain/bsp/system.mss
TRACE::2020-07-11.23:48:31::SCWPlatform::Trying to open the hw design at C:/Users/Pedro/Dropbox/UA/CR/Project/CR-Project/SquareRootCopWorkspace/SquareRootCop/hw/SquareRootCop.xsa
TRACE::2020-07-11.23:48:31::SCWPlatform::DSA given C:/Users/Pedro/Dropbox/UA/CR/Project/CR-Project/SquareRootCopWorkspace/SquareRootCop/hw/SquareRootCop.xsa
TRACE::2020-07-11.23:48:31::SCWPlatform::DSA absoulate path C:/Users/Pedro/Dropbox/UA/CR/Project/CR-Project/SquareRootCopWorkspace/SquareRootCop/hw/SquareRootCop.xsa
TRACE::2020-07-11.23:48:31::SCWPlatform::DSA directory C:/Users/Pedro/Dropbox/UA/CR/Project/CR-Project/SquareRootCopWorkspace/SquareRootCop/hw
TRACE::2020-07-11.23:48:31::SCWPlatform:: Platform Path C:/Users/Pedro/Dropbox/UA/CR/Project/CR-Project/SquareRootCopWorkspace/SquareRootCop/hw/SquareRootCop.xsa
TRACE::2020-07-11.23:48:31::SCWPlatform:: Unique name xilinx:nexys4::0.0
TRACE::2020-07-11.23:48:31::SCWPlatform::Trying to set the existing hwdb with name mb_design_wrapper_0
TRACE::2020-07-11.23:48:31::SCWPlatform::Opened existing hwdb mb_design_wrapper_0
TRACE::2020-07-11.23:48:31::SCWPlatform::Found the Hw Db part of the input DSA
TRACE::2020-07-11.23:48:31::SCWMssOS::Checking the sw design at  C:/Users/Pedro/Dropbox/UA/CR/Project/CR-Project/SquareRootCopWorkspace/SquareRootCop/microblaze_0/standalone_domain/bsp/system.mss
TRACE::2020-07-11.23:48:31::SCWMssOS::DEBUG:  swdes dump  C:/Users/Pedro/Dropbox/UA/CR/Project/CR-Project/SquareRootCopWorkspace/SquareRootCop/microblaze_0/standalone_domain/bsp/system.mss|system||

TRACE::2020-07-11.23:48:31::SCWMssOS::Sw design exists and opened at  C:/Users/Pedro/Dropbox/UA/CR/Project/CR-Project/SquareRootCopWorkspace/SquareRootCop/microblaze_0/standalone_domain/bsp/system.mss
TRACE::2020-07-11.23:48:31::SCWPlatform::Trying to open the hw design at C:/Users/Pedro/Dropbox/UA/CR/Project/CR-Project/SquareRootCopWorkspace/SquareRootCop/hw/SquareRootCop.xsa
TRACE::2020-07-11.23:48:31::SCWPlatform::DSA given C:/Users/Pedro/Dropbox/UA/CR/Project/CR-Project/SquareRootCopWorkspace/SquareRootCop/hw/SquareRootCop.xsa
TRACE::2020-07-11.23:48:31::SCWPlatform::DSA absoulate path C:/Users/Pedro/Dropbox/UA/CR/Project/CR-Project/SquareRootCopWorkspace/SquareRootCop/hw/SquareRootCop.xsa
TRACE::2020-07-11.23:48:31::SCWPlatform::DSA directory C:/Users/Pedro/Dropbox/UA/CR/Project/CR-Project/SquareRootCopWorkspace/SquareRootCop/hw
TRACE::2020-07-11.23:48:31::SCWPlatform:: Platform Path C:/Users/Pedro/Dropbox/UA/CR/Project/CR-Project/SquareRootCopWorkspace/SquareRootCop/hw/SquareRootCop.xsa
TRACE::2020-07-11.23:48:31::SCWPlatform:: Unique name xilinx:nexys4::0.0
TRACE::2020-07-11.23:48:31::SCWPlatform::Trying to set the existing hwdb with name mb_design_wrapper_0
TRACE::2020-07-11.23:48:31::SCWPlatform::Opened existing hwdb mb_design_wrapper_0
TRACE::2020-07-11.23:48:31::SCWPlatform::Found the Hw Db part of the input DSA
TRACE::2020-07-11.23:48:31::SCWMssOS::Checking the sw design at  C:/Users/Pedro/Dropbox/UA/CR/Project/CR-Project/SquareRootCopWorkspace/SquareRootCop/microblaze_0/standalone_domain/bsp/system.mss
TRACE::2020-07-11.23:48:31::SCWMssOS::DEBUG:  swdes dump  C:/Users/Pedro/Dropbox/UA/CR/Project/CR-Project/SquareRootCopWorkspace/SquareRootCop/microblaze_0/standalone_domain/bsp/system.mss|system||

TRACE::2020-07-11.23:48:32::SCWMssOS::Sw design exists and opened at  C:/Users/Pedro/Dropbox/UA/CR/Project/CR-Project/SquareRootCopWorkspace/SquareRootCop/microblaze_0/standalone_domain/bsp/system.mss
TRACE::2020-07-11.23:48:32::SCWWriter::formatted JSON is {
	"platformName":	"SquareRootCop",
	"sprVersion":	"2.0",
	"mode":	"gui",
	"dsaType":	"Fixed",
	"platformDesc":	"SquareRootCop",
	"platHandOff":	"C:/Users/Pedro/Dropbox/UA/CR/Project/CR-Project/SquareRootCop/SquareRootCop.xsa",
	"platIntHandOff":	"<platformDir>/hw/SquareRootCop.xsa",
	"deviceType":	"FPGA",
	"platIsPrebuiltAutogen":	"false",
	"platIsNoBootBsp":	"false",
	"hasFsblMakeHasChanges":	"false",
	"hasPmufwMakeHasChanges":	"false",
	"platPreBuiltFlag":	false,
	"platformSamplesDir":	"",
	"platActiveSys":	"SquareRootCop",
	"systems":	[{
			"systemName":	"SquareRootCop",
			"systemDesc":	"SquareRootCop",
			"sysIsBootAutoGen":	"true",
			"systemDispName":	"SquareRootCop",
			"sysActiveDom":	"standalone_domain",
			"sysDefaultDom":	"standalone_domain",
			"domains":	[{
					"domainName":	"standalone_domain",
					"domainDispName":	"standalone on microblaze_0",
					"domainDesc":	"standalone_domain",
					"processors":	"microblaze_0",
					"os":	"standalone",
					"sdxOs":	"standalone",
					"debugEnable":	"False",
					"domRuntimes":	["cpp"],
					"swRepo":	"",
					"mssOsVer":	"7.1",
					"mssFile":	"",
					"md5Digest":	"a922096c44dba6480baa875b90405bf4",
					"compatibleApp":	"hello_world",
					"domType":	"mssDomain",
					"arch":	"32-bit",
					"appSettings":	{
						"appCompilerFlags":	"",
						"appLinkerFlags":	""
					},
					"addedLibs":	[],
					"libOptions":	{
						"libsContainingOptions":	[]
					},
					"prebuiltLibs":	{
						"prebuiltIncPath":	[],
						"prebuiltLibPath":	[]
					},
					"isolation":	{
					}
				}]
		}]
}
KEYINFO::2020-07-11.23:48:32::SCWPlatform::updated the xpfm file.
TRACE::2020-07-11.23:48:32::SCWPlatform::Trying to open the hw design at C:/Users/Pedro/Dropbox/UA/CR/Project/CR-Project/SquareRootCopWorkspace/SquareRootCop/hw/SquareRootCop.xsa
TRACE::2020-07-11.23:48:32::SCWPlatform::DSA given C:/Users/Pedro/Dropbox/UA/CR/Project/CR-Project/SquareRootCopWorkspace/SquareRootCop/hw/SquareRootCop.xsa
TRACE::2020-07-11.23:48:32::SCWPlatform::DSA absoulate path C:/Users/Pedro/Dropbox/UA/CR/Project/CR-Project/SquareRootCopWorkspace/SquareRootCop/hw/SquareRootCop.xsa
TRACE::2020-07-11.23:48:32::SCWPlatform::DSA directory C:/Users/Pedro/Dropbox/UA/CR/Project/CR-Project/SquareRootCopWorkspace/SquareRootCop/hw
TRACE::2020-07-11.23:48:32::SCWPlatform:: Platform Path C:/Users/Pedro/Dropbox/UA/CR/Project/CR-Project/SquareRootCopWorkspace/SquareRootCop/hw/SquareRootCop.xsa
TRACE::2020-07-11.23:48:32::SCWPlatform:: Unique name xilinx:nexys4::0.0
TRACE::2020-07-11.23:48:32::SCWPlatform::Trying to set the existing hwdb with name mb_design_wrapper_0
TRACE::2020-07-11.23:48:32::SCWPlatform::Opened existing hwdb mb_design_wrapper_0
TRACE::2020-07-11.23:48:32::SCWPlatform::Found the Hw Db part of the input DSA
TRACE::2020-07-11.23:48:32::SCWMssOS::Checking the sw design at  C:/Users/Pedro/Dropbox/UA/CR/Project/CR-Project/SquareRootCopWorkspace/SquareRootCop/microblaze_0/standalone_domain/bsp/system.mss
TRACE::2020-07-11.23:48:32::SCWMssOS::DEBUG:  swdes dump  C:/Users/Pedro/Dropbox/UA/CR/Project/CR-Project/SquareRootCopWorkspace/SquareRootCop/microblaze_0/standalone_domain/bsp/system.mss|system||

TRACE::2020-07-11.23:48:32::SCWMssOS::Sw design exists and opened at  C:/Users/Pedro/Dropbox/UA/CR/Project/CR-Project/SquareRootCopWorkspace/SquareRootCop/microblaze_0/standalone_domain/bsp/system.mss
TRACE::2020-07-11.23:48:32::SCWPlatform::Trying to open the hw design at C:/Users/Pedro/Dropbox/UA/CR/Project/CR-Project/SquareRootCopWorkspace/SquareRootCop/hw/SquareRootCop.xsa
TRACE::2020-07-11.23:48:32::SCWPlatform::DSA given C:/Users/Pedro/Dropbox/UA/CR/Project/CR-Project/SquareRootCopWorkspace/SquareRootCop/hw/SquareRootCop.xsa
TRACE::2020-07-11.23:48:32::SCWPlatform::DSA absoulate path C:/Users/Pedro/Dropbox/UA/CR/Project/CR-Project/SquareRootCopWorkspace/SquareRootCop/hw/SquareRootCop.xsa
TRACE::2020-07-11.23:48:32::SCWPlatform::DSA directory C:/Users/Pedro/Dropbox/UA/CR/Project/CR-Project/SquareRootCopWorkspace/SquareRootCop/hw
TRACE::2020-07-11.23:48:32::SCWPlatform:: Platform Path C:/Users/Pedro/Dropbox/UA/CR/Project/CR-Project/SquareRootCopWorkspace/SquareRootCop/hw/SquareRootCop.xsa
TRACE::2020-07-11.23:48:32::SCWPlatform:: Unique name xilinx:nexys4::0.0
TRACE::2020-07-11.23:48:32::SCWPlatform::Trying to set the existing hwdb with name mb_design_wrapper_0
TRACE::2020-07-11.23:48:32::SCWPlatform::Opened existing hwdb mb_design_wrapper_0
TRACE::2020-07-11.23:48:32::SCWPlatform::Found the Hw Db part of the input DSA
TRACE::2020-07-11.23:48:32::SCWMssOS::Checking the sw design at  C:/Users/Pedro/Dropbox/UA/CR/Project/CR-Project/SquareRootCopWorkspace/SquareRootCop/microblaze_0/standalone_domain/bsp/system.mss
TRACE::2020-07-11.23:48:32::SCWMssOS::DEBUG:  swdes dump  C:/Users/Pedro/Dropbox/UA/CR/Project/CR-Project/SquareRootCopWorkspace/SquareRootCop/microblaze_0/standalone_domain/bsp/system.mss|system||

TRACE::2020-07-11.23:48:32::SCWMssOS::Sw design exists and opened at  C:/Users/Pedro/Dropbox/UA/CR/Project/CR-Project/SquareRootCopWorkspace/SquareRootCop/microblaze_0/standalone_domain/bsp/system.mss
TRACE::2020-07-11.23:48:32::SCWPlatform::Trying to open the hw design at C:/Users/Pedro/Dropbox/UA/CR/Project/CR-Project/SquareRootCopWorkspace/SquareRootCop/hw/SquareRootCop.xsa
TRACE::2020-07-11.23:48:32::SCWPlatform::DSA given C:/Users/Pedro/Dropbox/UA/CR/Project/CR-Project/SquareRootCopWorkspace/SquareRootCop/hw/SquareRootCop.xsa
TRACE::2020-07-11.23:48:32::SCWPlatform::DSA absoulate path C:/Users/Pedro/Dropbox/UA/CR/Project/CR-Project/SquareRootCopWorkspace/SquareRootCop/hw/SquareRootCop.xsa
TRACE::2020-07-11.23:48:32::SCWPlatform::DSA directory C:/Users/Pedro/Dropbox/UA/CR/Project/CR-Project/SquareRootCopWorkspace/SquareRootCop/hw
TRACE::2020-07-11.23:48:32::SCWPlatform:: Platform Path C:/Users/Pedro/Dropbox/UA/CR/Project/CR-Project/SquareRootCopWorkspace/SquareRootCop/hw/SquareRootCop.xsa
TRACE::2020-07-11.23:48:32::SCWPlatform:: Unique name xilinx:nexys4::0.0
TRACE::2020-07-11.23:48:32::SCWPlatform::Trying to set the existing hwdb with name mb_design_wrapper_0
TRACE::2020-07-11.23:48:32::SCWPlatform::Opened existing hwdb mb_design_wrapper_0
TRACE::2020-07-11.23:48:32::SCWPlatform::Found the Hw Db part of the input DSA
TRACE::2020-07-11.23:48:32::SCWMssOS::Checking the sw design at  C:/Users/Pedro/Dropbox/UA/CR/Project/CR-Project/SquareRootCopWorkspace/SquareRootCop/microblaze_0/standalone_domain/bsp/system.mss
TRACE::2020-07-11.23:48:32::SCWMssOS::DEBUG:  swdes dump  C:/Users/Pedro/Dropbox/UA/CR/Project/CR-Project/SquareRootCopWorkspace/SquareRootCop/microblaze_0/standalone_domain/bsp/system.mss|system||

TRACE::2020-07-11.23:48:32::SCWMssOS::Sw design exists and opened at  C:/Users/Pedro/Dropbox/UA/CR/Project/CR-Project/SquareRootCopWorkspace/SquareRootCop/microblaze_0/standalone_domain/bsp/system.mss
TRACE::2020-07-11.23:48:32::SCWPlatform::Trying to open the hw design at C:/Users/Pedro/Dropbox/UA/CR/Project/CR-Project/SquareRootCopWorkspace/SquareRootCop/hw/SquareRootCop.xsa
TRACE::2020-07-11.23:48:32::SCWPlatform::DSA given C:/Users/Pedro/Dropbox/UA/CR/Project/CR-Project/SquareRootCopWorkspace/SquareRootCop/hw/SquareRootCop.xsa
TRACE::2020-07-11.23:48:32::SCWPlatform::DSA absoulate path C:/Users/Pedro/Dropbox/UA/CR/Project/CR-Project/SquareRootCopWorkspace/SquareRootCop/hw/SquareRootCop.xsa
TRACE::2020-07-11.23:48:32::SCWPlatform::DSA directory C:/Users/Pedro/Dropbox/UA/CR/Project/CR-Project/SquareRootCopWorkspace/SquareRootCop/hw
TRACE::2020-07-11.23:48:32::SCWPlatform:: Platform Path C:/Users/Pedro/Dropbox/UA/CR/Project/CR-Project/SquareRootCopWorkspace/SquareRootCop/hw/SquareRootCop.xsa
TRACE::2020-07-11.23:48:32::SCWPlatform:: Unique name xilinx:nexys4::0.0
TRACE::2020-07-11.23:48:32::SCWPlatform::Trying to set the existing hwdb with name mb_design_wrapper_0
TRACE::2020-07-11.23:48:32::SCWPlatform::Opened existing hwdb mb_design_wrapper_0
TRACE::2020-07-11.23:48:32::SCWPlatform::Found the Hw Db part of the input DSA
TRACE::2020-07-11.23:48:32::SCWMssOS::Checking the sw design at  C:/Users/Pedro/Dropbox/UA/CR/Project/CR-Project/SquareRootCopWorkspace/SquareRootCop/microblaze_0/standalone_domain/bsp/system.mss
TRACE::2020-07-11.23:48:32::SCWMssOS::DEBUG:  swdes dump  C:/Users/Pedro/Dropbox/UA/CR/Project/CR-Project/SquareRootCopWorkspace/SquareRootCop/microblaze_0/standalone_domain/bsp/system.mss|system||

TRACE::2020-07-11.23:48:32::SCWMssOS::Sw design exists and opened at  C:/Users/Pedro/Dropbox/UA/CR/Project/CR-Project/SquareRootCopWorkspace/SquareRootCop/microblaze_0/standalone_domain/bsp/system.mss
TRACE::2020-07-11.23:48:32::SCWWriter::formatted JSON is {
	"platformName":	"SquareRootCop",
	"sprVersion":	"2.0",
	"mode":	"gui",
	"dsaType":	"Fixed",
	"platformDesc":	"SquareRootCop",
	"platHandOff":	"C:/Users/Pedro/Dropbox/UA/CR/Project/CR-Project/SquareRootCop/SquareRootCop.xsa",
	"platIntHandOff":	"<platformDir>/hw/SquareRootCop.xsa",
	"deviceType":	"FPGA",
	"platIsPrebuiltAutogen":	"false",
	"platIsNoBootBsp":	"false",
	"hasFsblMakeHasChanges":	"false",
	"hasPmufwMakeHasChanges":	"false",
	"platPreBuiltFlag":	false,
	"platformSamplesDir":	"",
	"platActiveSys":	"SquareRootCop",
	"systems":	[{
			"systemName":	"SquareRootCop",
			"systemDesc":	"SquareRootCop",
			"sysIsBootAutoGen":	"true",
			"systemDispName":	"SquareRootCop",
			"sysActiveDom":	"standalone_domain",
			"sysDefaultDom":	"standalone_domain",
			"domains":	[{
					"domainName":	"standalone_domain",
					"domainDispName":	"standalone on microblaze_0",
					"domainDesc":	"standalone_domain",
					"processors":	"microblaze_0",
					"os":	"standalone",
					"sdxOs":	"standalone",
					"debugEnable":	"False",
					"domRuntimes":	["cpp"],
					"swRepo":	"",
					"mssOsVer":	"7.1",
					"mssFile":	"",
					"md5Digest":	"a922096c44dba6480baa875b90405bf4",
					"compatibleApp":	"hello_world",
					"domType":	"mssDomain",
					"arch":	"32-bit",
					"appSettings":	{
						"appCompilerFlags":	"",
						"appLinkerFlags":	""
					},
					"addedLibs":	[],
					"libOptions":	{
						"libsContainingOptions":	[]
					},
					"prebuiltLibs":	{
						"prebuiltIncPath":	[],
						"prebuiltLibPath":	[]
					},
					"isolation":	{
					}
				}]
		}]
}
TRACE::2020-07-11.23:48:32::SCWPlatform::Trying to open the hw design at C:/Users/Pedro/Dropbox/UA/CR/Project/CR-Project/SquareRootCopWorkspace/SquareRootCop/hw/SquareRootCop.xsa
TRACE::2020-07-11.23:48:32::SCWPlatform::DSA given C:/Users/Pedro/Dropbox/UA/CR/Project/CR-Project/SquareRootCopWorkspace/SquareRootCop/hw/SquareRootCop.xsa
TRACE::2020-07-11.23:48:32::SCWPlatform::DSA absoulate path C:/Users/Pedro/Dropbox/UA/CR/Project/CR-Project/SquareRootCopWorkspace/SquareRootCop/hw/SquareRootCop.xsa
TRACE::2020-07-11.23:48:32::SCWPlatform::DSA directory C:/Users/Pedro/Dropbox/UA/CR/Project/CR-Project/SquareRootCopWorkspace/SquareRootCop/hw
TRACE::2020-07-11.23:48:32::SCWPlatform:: Platform Path C:/Users/Pedro/Dropbox/UA/CR/Project/CR-Project/SquareRootCopWorkspace/SquareRootCop/hw/SquareRootCop.xsa
TRACE::2020-07-11.23:48:32::SCWPlatform:: Unique name xilinx:nexys4::0.0
TRACE::2020-07-11.23:48:32::SCWPlatform::Trying to set the existing hwdb with name mb_design_wrapper_0
TRACE::2020-07-11.23:48:32::SCWPlatform::Opened existing hwdb mb_design_wrapper_0
TRACE::2020-07-11.23:48:32::SCWPlatform::Found the Hw Db part of the input DSA
TRACE::2020-07-11.23:48:32::SCWMssOS::Checking the sw design at  C:/Users/Pedro/Dropbox/UA/CR/Project/CR-Project/SquareRootCopWorkspace/SquareRootCop/microblaze_0/standalone_domain/bsp/system.mss
TRACE::2020-07-11.23:48:32::SCWMssOS::DEBUG:  swdes dump  C:/Users/Pedro/Dropbox/UA/CR/Project/CR-Project/SquareRootCopWorkspace/SquareRootCop/microblaze_0/standalone_domain/bsp/system.mss|system||

TRACE::2020-07-11.23:48:32::SCWMssOS::Sw design exists and opened at  C:/Users/Pedro/Dropbox/UA/CR/Project/CR-Project/SquareRootCopWorkspace/SquareRootCop/microblaze_0/standalone_domain/bsp/system.mss
TRACE::2020-07-11.23:48:32::SCWPlatform::Trying to open the hw design at C:/Users/Pedro/Dropbox/UA/CR/Project/CR-Project/SquareRootCopWorkspace/SquareRootCop/hw/SquareRootCop.xsa
TRACE::2020-07-11.23:48:32::SCWPlatform::DSA given C:/Users/Pedro/Dropbox/UA/CR/Project/CR-Project/SquareRootCopWorkspace/SquareRootCop/hw/SquareRootCop.xsa
TRACE::2020-07-11.23:48:32::SCWPlatform::DSA absoulate path C:/Users/Pedro/Dropbox/UA/CR/Project/CR-Project/SquareRootCopWorkspace/SquareRootCop/hw/SquareRootCop.xsa
TRACE::2020-07-11.23:48:32::SCWPlatform::DSA directory C:/Users/Pedro/Dropbox/UA/CR/Project/CR-Project/SquareRootCopWorkspace/SquareRootCop/hw
TRACE::2020-07-11.23:48:32::SCWPlatform:: Platform Path C:/Users/Pedro/Dropbox/UA/CR/Project/CR-Project/SquareRootCopWorkspace/SquareRootCop/hw/SquareRootCop.xsa
TRACE::2020-07-11.23:48:32::SCWPlatform:: Unique name xilinx:nexys4::0.0
TRACE::2020-07-11.23:48:32::SCWPlatform::Trying to set the existing hwdb with name mb_design_wrapper_0
TRACE::2020-07-11.23:48:32::SCWPlatform::Opened existing hwdb mb_design_wrapper_0
TRACE::2020-07-11.23:48:32::SCWPlatform::Found the Hw Db part of the input DSA
TRACE::2020-07-11.23:48:32::SCWMssOS::Checking the sw design at  C:/Users/Pedro/Dropbox/UA/CR/Project/CR-Project/SquareRootCopWorkspace/SquareRootCop/microblaze_0/standalone_domain/bsp/system.mss
TRACE::2020-07-11.23:48:32::SCWMssOS::DEBUG:  swdes dump  C:/Users/Pedro/Dropbox/UA/CR/Project/CR-Project/SquareRootCopWorkspace/SquareRootCop/microblaze_0/standalone_domain/bsp/system.mss|system||

TRACE::2020-07-11.23:48:32::SCWMssOS::Sw design exists and opened at  C:/Users/Pedro/Dropbox/UA/CR/Project/CR-Project/SquareRootCopWorkspace/SquareRootCop/microblaze_0/standalone_domain/bsp/system.mss
TRACE::2020-07-11.23:48:32::SCWPlatform::Trying to open the hw design at C:/Users/Pedro/Dropbox/UA/CR/Project/CR-Project/SquareRootCopWorkspace/SquareRootCop/hw/SquareRootCop.xsa
TRACE::2020-07-11.23:48:32::SCWPlatform::DSA given C:/Users/Pedro/Dropbox/UA/CR/Project/CR-Project/SquareRootCopWorkspace/SquareRootCop/hw/SquareRootCop.xsa
TRACE::2020-07-11.23:48:32::SCWPlatform::DSA absoulate path C:/Users/Pedro/Dropbox/UA/CR/Project/CR-Project/SquareRootCopWorkspace/SquareRootCop/hw/SquareRootCop.xsa
TRACE::2020-07-11.23:48:32::SCWPlatform::DSA directory C:/Users/Pedro/Dropbox/UA/CR/Project/CR-Project/SquareRootCopWorkspace/SquareRootCop/hw
TRACE::2020-07-11.23:48:32::SCWPlatform:: Platform Path C:/Users/Pedro/Dropbox/UA/CR/Project/CR-Project/SquareRootCopWorkspace/SquareRootCop/hw/SquareRootCop.xsa
TRACE::2020-07-11.23:48:32::SCWPlatform:: Unique name xilinx:nexys4::0.0
TRACE::2020-07-11.23:48:32::SCWPlatform::Trying to set the existing hwdb with name mb_design_wrapper_0
TRACE::2020-07-11.23:48:32::SCWPlatform::Opened existing hwdb mb_design_wrapper_0
TRACE::2020-07-11.23:48:32::SCWPlatform::Found the Hw Db part of the input DSA
TRACE::2020-07-11.23:48:33::SCWMssOS::Checking the sw design at  C:/Users/Pedro/Dropbox/UA/CR/Project/CR-Project/SquareRootCopWorkspace/SquareRootCop/microblaze_0/standalone_domain/bsp/system.mss
TRACE::2020-07-11.23:48:33::SCWMssOS::DEBUG:  swdes dump  C:/Users/Pedro/Dropbox/UA/CR/Project/CR-Project/SquareRootCopWorkspace/SquareRootCop/microblaze_0/standalone_domain/bsp/system.mss|system||

TRACE::2020-07-11.23:48:33::SCWMssOS::Sw design exists and opened at  C:/Users/Pedro/Dropbox/UA/CR/Project/CR-Project/SquareRootCopWorkspace/SquareRootCop/microblaze_0/standalone_domain/bsp/system.mss
TRACE::2020-07-11.23:48:33::SCWPlatform::Trying to open the hw design at C:/Users/Pedro/Dropbox/UA/CR/Project/CR-Project/SquareRootCopWorkspace/SquareRootCop/hw/SquareRootCop.xsa
TRACE::2020-07-11.23:48:33::SCWPlatform::DSA given C:/Users/Pedro/Dropbox/UA/CR/Project/CR-Project/SquareRootCopWorkspace/SquareRootCop/hw/SquareRootCop.xsa
TRACE::2020-07-11.23:48:33::SCWPlatform::DSA absoulate path C:/Users/Pedro/Dropbox/UA/CR/Project/CR-Project/SquareRootCopWorkspace/SquareRootCop/hw/SquareRootCop.xsa
TRACE::2020-07-11.23:48:33::SCWPlatform::DSA directory C:/Users/Pedro/Dropbox/UA/CR/Project/CR-Project/SquareRootCopWorkspace/SquareRootCop/hw
TRACE::2020-07-11.23:48:33::SCWPlatform:: Platform Path C:/Users/Pedro/Dropbox/UA/CR/Project/CR-Project/SquareRootCopWorkspace/SquareRootCop/hw/SquareRootCop.xsa
TRACE::2020-07-11.23:48:33::SCWPlatform:: Unique name xilinx:nexys4::0.0
TRACE::2020-07-11.23:48:33::SCWPlatform::Trying to set the existing hwdb with name mb_design_wrapper_0
TRACE::2020-07-11.23:48:33::SCWPlatform::Opened existing hwdb mb_design_wrapper_0
TRACE::2020-07-11.23:48:33::SCWPlatform::Found the Hw Db part of the input DSA
TRACE::2020-07-11.23:48:33::SCWMssOS::Checking the sw design at  C:/Users/Pedro/Dropbox/UA/CR/Project/CR-Project/SquareRootCopWorkspace/SquareRootCop/microblaze_0/standalone_domain/bsp/system.mss
TRACE::2020-07-11.23:48:33::SCWMssOS::DEBUG:  swdes dump  C:/Users/Pedro/Dropbox/UA/CR/Project/CR-Project/SquareRootCopWorkspace/SquareRootCop/microblaze_0/standalone_domain/bsp/system.mss|system||

TRACE::2020-07-11.23:48:33::SCWMssOS::Sw design exists and opened at  C:/Users/Pedro/Dropbox/UA/CR/Project/CR-Project/SquareRootCopWorkspace/SquareRootCop/microblaze_0/standalone_domain/bsp/system.mss
TRACE::2020-07-11.23:48:33::SCWPlatform::Trying to open the hw design at C:/Users/Pedro/Dropbox/UA/CR/Project/CR-Project/SquareRootCopWorkspace/SquareRootCop/hw/SquareRootCop.xsa
TRACE::2020-07-11.23:48:33::SCWPlatform::DSA given C:/Users/Pedro/Dropbox/UA/CR/Project/CR-Project/SquareRootCopWorkspace/SquareRootCop/hw/SquareRootCop.xsa
TRACE::2020-07-11.23:48:33::SCWPlatform::DSA absoulate path C:/Users/Pedro/Dropbox/UA/CR/Project/CR-Project/SquareRootCopWorkspace/SquareRootCop/hw/SquareRootCop.xsa
TRACE::2020-07-11.23:48:33::SCWPlatform::DSA directory C:/Users/Pedro/Dropbox/UA/CR/Project/CR-Project/SquareRootCopWorkspace/SquareRootCop/hw
TRACE::2020-07-11.23:48:33::SCWPlatform:: Platform Path C:/Users/Pedro/Dropbox/UA/CR/Project/CR-Project/SquareRootCopWorkspace/SquareRootCop/hw/SquareRootCop.xsa
TRACE::2020-07-11.23:48:33::SCWPlatform:: Unique name xilinx:nexys4::0.0
TRACE::2020-07-11.23:48:33::SCWPlatform::Trying to set the existing hwdb with name mb_design_wrapper_0
TRACE::2020-07-11.23:48:33::SCWPlatform::Opened existing hwdb mb_design_wrapper_0
TRACE::2020-07-11.23:48:33::SCWPlatform::Found the Hw Db part of the input DSA
TRACE::2020-07-11.23:48:33::SCWMssOS::Checking the sw design at  C:/Users/Pedro/Dropbox/UA/CR/Project/CR-Project/SquareRootCopWorkspace/SquareRootCop/microblaze_0/standalone_domain/bsp/system.mss
TRACE::2020-07-11.23:48:33::SCWMssOS::DEBUG:  swdes dump  C:/Users/Pedro/Dropbox/UA/CR/Project/CR-Project/SquareRootCopWorkspace/SquareRootCop/microblaze_0/standalone_domain/bsp/system.mss|system||

TRACE::2020-07-11.23:48:33::SCWMssOS::Sw design exists and opened at  C:/Users/Pedro/Dropbox/UA/CR/Project/CR-Project/SquareRootCopWorkspace/SquareRootCop/microblaze_0/standalone_domain/bsp/system.mss
TRACE::2020-07-11.23:48:33::SCWWriter::formatted JSON is {
	"platformName":	"SquareRootCop",
	"sprVersion":	"2.0",
	"mode":	"gui",
	"dsaType":	"Fixed",
	"platformDesc":	"SquareRootCop",
	"platHandOff":	"C:/Users/Pedro/Dropbox/UA/CR/Project/CR-Project/SquareRootCop/SquareRootCop.xsa",
	"platIntHandOff":	"<platformDir>/hw/SquareRootCop.xsa",
	"deviceType":	"FPGA",
	"platIsPrebuiltAutogen":	"false",
	"platIsNoBootBsp":	"false",
	"hasFsblMakeHasChanges":	"false",
	"hasPmufwMakeHasChanges":	"false",
	"platPreBuiltFlag":	false,
	"platformSamplesDir":	"",
	"platActiveSys":	"SquareRootCop",
	"systems":	[{
			"systemName":	"SquareRootCop",
			"systemDesc":	"SquareRootCop",
			"sysIsBootAutoGen":	"true",
			"systemDispName":	"SquareRootCop",
			"sysActiveDom":	"standalone_domain",
			"sysDefaultDom":	"standalone_domain",
			"domains":	[{
					"domainName":	"standalone_domain",
					"domainDispName":	"standalone on microblaze_0",
					"domainDesc":	"standalone_domain",
					"processors":	"microblaze_0",
					"os":	"standalone",
					"sdxOs":	"standalone",
					"debugEnable":	"False",
					"domRuntimes":	["cpp"],
					"swRepo":	"",
					"mssOsVer":	"7.1",
					"mssFile":	"",
					"md5Digest":	"a922096c44dba6480baa875b90405bf4",
					"compatibleApp":	"hello_world",
					"domType":	"mssDomain",
					"arch":	"32-bit",
					"appSettings":	{
						"appCompilerFlags":	"",
						"appLinkerFlags":	""
					},
					"addedLibs":	[],
					"libOptions":	{
						"libsContainingOptions":	[]
					},
					"prebuiltLibs":	{
						"prebuiltIncPath":	[],
						"prebuiltLibPath":	[]
					},
					"isolation":	{
					}
				}]
		}]
}
LOG::2020-07-11.23:48:33::SCWPlatform::Started generating the artifacts platform SquareRootCop
TRACE::2020-07-11.23:48:33::SCWPlatform::Sanity checking of platform is completed
LOG::2020-07-11.23:48:33::SCWPlatform::Started generating the artifacts for system configuration SquareRootCop
LOG::2020-07-11.23:48:33::SCWSystem::Started Processing the domain standalone_domain
TRACE::2020-07-11.23:48:33::SCWDomain::Generating domain artifcats
TRACE::2020-07-11.23:48:33::SCWMssOS::Generating standalone artifcats
TRACE::2020-07-11.23:48:33::SCWMssOS:: Copying the user libraries. 
TRACE::2020-07-11.23:48:33::SCWPlatform::Trying to open the hw design at C:/Users/Pedro/Dropbox/UA/CR/Project/CR-Project/SquareRootCopWorkspace/SquareRootCop/hw/SquareRootCop.xsa
TRACE::2020-07-11.23:48:33::SCWPlatform::DSA given C:/Users/Pedro/Dropbox/UA/CR/Project/CR-Project/SquareRootCopWorkspace/SquareRootCop/hw/SquareRootCop.xsa
TRACE::2020-07-11.23:48:33::SCWPlatform::DSA absoulate path C:/Users/Pedro/Dropbox/UA/CR/Project/CR-Project/SquareRootCopWorkspace/SquareRootCop/hw/SquareRootCop.xsa
TRACE::2020-07-11.23:48:33::SCWPlatform::DSA directory C:/Users/Pedro/Dropbox/UA/CR/Project/CR-Project/SquareRootCopWorkspace/SquareRootCop/hw
TRACE::2020-07-11.23:48:33::SCWPlatform:: Platform Path C:/Users/Pedro/Dropbox/UA/CR/Project/CR-Project/SquareRootCopWorkspace/SquareRootCop/hw/SquareRootCop.xsa
TRACE::2020-07-11.23:48:33::SCWPlatform:: Unique name xilinx:nexys4::0.0
TRACE::2020-07-11.23:48:33::SCWPlatform::Trying to set the existing hwdb with name mb_design_wrapper_0
TRACE::2020-07-11.23:48:33::SCWPlatform::Opened existing hwdb mb_design_wrapper_0
TRACE::2020-07-11.23:48:33::SCWPlatform::Found the Hw Db part of the input DSA
TRACE::2020-07-11.23:48:33::SCWMssOS::Checking the sw design at  C:/Users/Pedro/Dropbox/UA/CR/Project/CR-Project/SquareRootCopWorkspace/SquareRootCop/microblaze_0/standalone_domain/bsp/system.mss
TRACE::2020-07-11.23:48:33::SCWMssOS::DEBUG:  swdes dump  C:/Users/Pedro/Dropbox/UA/CR/Project/CR-Project/SquareRootCopWorkspace/SquareRootCop/microblaze_0/standalone_domain/bsp/system.mss|system||

TRACE::2020-07-11.23:48:33::SCWMssOS::Sw design exists and opened at  C:/Users/Pedro/Dropbox/UA/CR/Project/CR-Project/SquareRootCopWorkspace/SquareRootCop/microblaze_0/standalone_domain/bsp/system.mss
TRACE::2020-07-11.23:48:33::SCWMssOS::Completed writing the mss file at C:/Users/Pedro/Dropbox/UA/CR/Project/CR-Project/SquareRootCopWorkspace/SquareRootCop/microblaze_0/standalone_domain/bsp
TRACE::2020-07-11.23:48:33::SCWMssOS::Mss edits present, copying mssfile into export location C:/Users/Pedro/Dropbox/UA/CR/Project/CR-Project/SquareRootCopWorkspace/SquareRootCop/microblaze_0/standalone_domain/bsp/system.mss
TRACE::2020-07-11.23:48:33::SCWMssOS::bsp generated is upto date with the mss file. Skipping bsp generation.
TRACE::2020-07-11.23:48:33::SCWMssOS::BSP is already built. skipping the bsp build ... 
TRACE::2020-07-11.23:48:33::SCWDomain::Building the domain as part of full build :  standalone_domain
TRACE::2020-07-11.23:48:33::SCWMssOS::skipping the bsp build ... 
TRACE::2020-07-11.23:48:33::SCWMssOS::Copying to export directory.
TRACE::2020-07-11.23:48:33::SCWMssOS:: Checking if to create the Supporting Applications
TRACE::2020-07-11.23:48:33::SCWMssOS:: No Linux domain exists, trying to generate FSBL 
LOG::2020-07-11.23:48:33::SCWSystem::Completed Processing the domain standalone_domain
LOG::2020-07-11.23:48:33::SCWSystem::Completed Processing the sysconfig SquareRootCop
LOG::2020-07-11.23:48:33::SCWPlatform::Completed generating the artifacts for system configuration SquareRootCop
TRACE::2020-07-11.23:48:33::SCWPlatform::Started preparing the platform 
TRACE::2020-07-11.23:48:33::SCWSystem::Writing the bif file for system config SquareRootCop
TRACE::2020-07-11.23:48:33::SCWSystem::dir created 
TRACE::2020-07-11.23:48:33::SCWSystem::Writing the bif 
TRACE::2020-07-11.23:48:33::SCWPlatform::Started writing the spfm file 
TRACE::2020-07-11.23:48:33::SCWPlatform::Started writing the xpfm file 
TRACE::2020-07-11.23:48:33::SCWPlatform::Completed generating the platform
TRACE::2020-07-11.23:48:33::SCWPlatform::Trying to open the hw design at C:/Users/Pedro/Dropbox/UA/CR/Project/CR-Project/SquareRootCopWorkspace/SquareRootCop/hw/SquareRootCop.xsa
TRACE::2020-07-11.23:48:33::SCWPlatform::DSA given C:/Users/Pedro/Dropbox/UA/CR/Project/CR-Project/SquareRootCopWorkspace/SquareRootCop/hw/SquareRootCop.xsa
TRACE::2020-07-11.23:48:33::SCWPlatform::DSA absoulate path C:/Users/Pedro/Dropbox/UA/CR/Project/CR-Project/SquareRootCopWorkspace/SquareRootCop/hw/SquareRootCop.xsa
TRACE::2020-07-11.23:48:33::SCWPlatform::DSA directory C:/Users/Pedro/Dropbox/UA/CR/Project/CR-Project/SquareRootCopWorkspace/SquareRootCop/hw
TRACE::2020-07-11.23:48:33::SCWPlatform:: Platform Path C:/Users/Pedro/Dropbox/UA/CR/Project/CR-Project/SquareRootCopWorkspace/SquareRootCop/hw/SquareRootCop.xsa
TRACE::2020-07-11.23:48:33::SCWPlatform:: Unique name xilinx:nexys4::0.0
TRACE::2020-07-11.23:48:33::SCWPlatform::Trying to set the existing hwdb with name mb_design_wrapper_0
TRACE::2020-07-11.23:48:33::SCWPlatform::Opened existing hwdb mb_design_wrapper_0
TRACE::2020-07-11.23:48:33::SCWPlatform::Found the Hw Db part of the input DSA
TRACE::2020-07-11.23:48:33::SCWMssOS::Checking the sw design at  C:/Users/Pedro/Dropbox/UA/CR/Project/CR-Project/SquareRootCopWorkspace/SquareRootCop/microblaze_0/standalone_domain/bsp/system.mss
TRACE::2020-07-11.23:48:33::SCWMssOS::DEBUG:  swdes dump  C:/Users/Pedro/Dropbox/UA/CR/Project/CR-Project/SquareRootCopWorkspace/SquareRootCop/microblaze_0/standalone_domain/bsp/system.mss|system||

TRACE::2020-07-11.23:48:33::SCWMssOS::Sw design exists and opened at  C:/Users/Pedro/Dropbox/UA/CR/Project/CR-Project/SquareRootCopWorkspace/SquareRootCop/microblaze_0/standalone_domain/bsp/system.mss
TRACE::2020-07-11.23:48:33::SCWPlatform::Trying to open the hw design at C:/Users/Pedro/Dropbox/UA/CR/Project/CR-Project/SquareRootCopWorkspace/SquareRootCop/hw/SquareRootCop.xsa
TRACE::2020-07-11.23:48:33::SCWPlatform::DSA given C:/Users/Pedro/Dropbox/UA/CR/Project/CR-Project/SquareRootCopWorkspace/SquareRootCop/hw/SquareRootCop.xsa
TRACE::2020-07-11.23:48:33::SCWPlatform::DSA absoulate path C:/Users/Pedro/Dropbox/UA/CR/Project/CR-Project/SquareRootCopWorkspace/SquareRootCop/hw/SquareRootCop.xsa
TRACE::2020-07-11.23:48:33::SCWPlatform::DSA directory C:/Users/Pedro/Dropbox/UA/CR/Project/CR-Project/SquareRootCopWorkspace/SquareRootCop/hw
TRACE::2020-07-11.23:48:33::SCWPlatform:: Platform Path C:/Users/Pedro/Dropbox/UA/CR/Project/CR-Project/SquareRootCopWorkspace/SquareRootCop/hw/SquareRootCop.xsa
TRACE::2020-07-11.23:48:33::SCWPlatform:: Unique name xilinx:nexys4::0.0
TRACE::2020-07-11.23:48:33::SCWPlatform::Trying to set the existing hwdb with name mb_design_wrapper_0
TRACE::2020-07-11.23:48:33::SCWPlatform::Opened existing hwdb mb_design_wrapper_0
TRACE::2020-07-11.23:48:33::SCWPlatform::Found the Hw Db part of the input DSA
TRACE::2020-07-11.23:48:33::SCWMssOS::Checking the sw design at  C:/Users/Pedro/Dropbox/UA/CR/Project/CR-Project/SquareRootCopWorkspace/SquareRootCop/microblaze_0/standalone_domain/bsp/system.mss
TRACE::2020-07-11.23:48:33::SCWMssOS::DEBUG:  swdes dump  C:/Users/Pedro/Dropbox/UA/CR/Project/CR-Project/SquareRootCopWorkspace/SquareRootCop/microblaze_0/standalone_domain/bsp/system.mss|system||

TRACE::2020-07-11.23:48:33::SCWMssOS::Sw design exists and opened at  C:/Users/Pedro/Dropbox/UA/CR/Project/CR-Project/SquareRootCopWorkspace/SquareRootCop/microblaze_0/standalone_domain/bsp/system.mss
TRACE::2020-07-11.23:48:33::SCWPlatform::Trying to open the hw design at C:/Users/Pedro/Dropbox/UA/CR/Project/CR-Project/SquareRootCopWorkspace/SquareRootCop/hw/SquareRootCop.xsa
TRACE::2020-07-11.23:48:33::SCWPlatform::DSA given C:/Users/Pedro/Dropbox/UA/CR/Project/CR-Project/SquareRootCopWorkspace/SquareRootCop/hw/SquareRootCop.xsa
TRACE::2020-07-11.23:48:33::SCWPlatform::DSA absoulate path C:/Users/Pedro/Dropbox/UA/CR/Project/CR-Project/SquareRootCopWorkspace/SquareRootCop/hw/SquareRootCop.xsa
TRACE::2020-07-11.23:48:33::SCWPlatform::DSA directory C:/Users/Pedro/Dropbox/UA/CR/Project/CR-Project/SquareRootCopWorkspace/SquareRootCop/hw
TRACE::2020-07-11.23:48:33::SCWPlatform:: Platform Path C:/Users/Pedro/Dropbox/UA/CR/Project/CR-Project/SquareRootCopWorkspace/SquareRootCop/hw/SquareRootCop.xsa
TRACE::2020-07-11.23:48:33::SCWPlatform:: Unique name xilinx:nexys4::0.0
TRACE::2020-07-11.23:48:33::SCWPlatform::Trying to set the existing hwdb with name mb_design_wrapper_0
TRACE::2020-07-11.23:48:33::SCWPlatform::Opened existing hwdb mb_design_wrapper_0
TRACE::2020-07-11.23:48:33::SCWPlatform::Found the Hw Db part of the input DSA
TRACE::2020-07-11.23:48:33::SCWMssOS::Checking the sw design at  C:/Users/Pedro/Dropbox/UA/CR/Project/CR-Project/SquareRootCopWorkspace/SquareRootCop/microblaze_0/standalone_domain/bsp/system.mss
TRACE::2020-07-11.23:48:33::SCWMssOS::DEBUG:  swdes dump  C:/Users/Pedro/Dropbox/UA/CR/Project/CR-Project/SquareRootCopWorkspace/SquareRootCop/microblaze_0/standalone_domain/bsp/system.mss|system||

TRACE::2020-07-11.23:48:33::SCWMssOS::Sw design exists and opened at  C:/Users/Pedro/Dropbox/UA/CR/Project/CR-Project/SquareRootCopWorkspace/SquareRootCop/microblaze_0/standalone_domain/bsp/system.mss
TRACE::2020-07-11.23:48:33::SCWWriter::formatted JSON is {
	"platformName":	"SquareRootCop",
	"sprVersion":	"2.0",
	"mode":	"gui",
	"dsaType":	"Fixed",
	"platformDesc":	"SquareRootCop",
	"platHandOff":	"C:/Users/Pedro/Dropbox/UA/CR/Project/CR-Project/SquareRootCop/SquareRootCop.xsa",
	"platIntHandOff":	"<platformDir>/hw/SquareRootCop.xsa",
	"deviceType":	"FPGA",
	"platIsPrebuiltAutogen":	"false",
	"platIsNoBootBsp":	"false",
	"hasFsblMakeHasChanges":	"false",
	"hasPmufwMakeHasChanges":	"false",
	"platPreBuiltFlag":	false,
	"platformSamplesDir":	"",
	"platActiveSys":	"SquareRootCop",
	"systems":	[{
			"systemName":	"SquareRootCop",
			"systemDesc":	"SquareRootCop",
			"sysIsBootAutoGen":	"true",
			"systemDispName":	"SquareRootCop",
			"sysActiveDom":	"standalone_domain",
			"sysDefaultDom":	"standalone_domain",
			"domains":	[{
					"domainName":	"standalone_domain",
					"domainDispName":	"standalone on microblaze_0",
					"domainDesc":	"standalone_domain",
					"processors":	"microblaze_0",
					"os":	"standalone",
					"sdxOs":	"standalone",
					"debugEnable":	"False",
					"domRuntimes":	["cpp"],
					"swRepo":	"",
					"mssOsVer":	"7.1",
					"mssFile":	"",
					"md5Digest":	"a922096c44dba6480baa875b90405bf4",
					"compatibleApp":	"hello_world",
					"domType":	"mssDomain",
					"arch":	"32-bit",
					"appSettings":	{
						"appCompilerFlags":	"",
						"appLinkerFlags":	""
					},
					"addedLibs":	[],
					"libOptions":	{
						"libsContainingOptions":	[]
					},
					"prebuiltLibs":	{
						"prebuiltIncPath":	[],
						"prebuiltLibPath":	[]
					},
					"isolation":	{
					}
				}]
		}]
}
KEYINFO::2020-07-11.23:48:33::SCWPlatform::updated the xpfm file.
LOG::2020-07-12.00:15:42::SCWPlatform::Started generating the artifacts platform SquareRootCop
TRACE::2020-07-12.00:15:42::SCWPlatform::Sanity checking of platform is completed
LOG::2020-07-12.00:15:42::SCWPlatform::Started generating the artifacts for system configuration SquareRootCop
LOG::2020-07-12.00:15:42::SCWSystem::Checking the domain standalone_domain
LOG::2020-07-12.00:15:42::SCWSystem::Not a boot domain 
LOG::2020-07-12.00:15:42::SCWSystem::Started Processing the domain standalone_domain
TRACE::2020-07-12.00:15:42::SCWDomain::Generating domain artifcats
TRACE::2020-07-12.00:15:42::SCWMssOS::Generating standalone artifcats
TRACE::2020-07-12.00:15:42::SCWMssOS:: Copying the user libraries. 
TRACE::2020-07-12.00:15:42::SCWPlatform::Trying to open the hw design at C:/Users/Pedro/Dropbox/UA/CR/Project/CR-Project/SquareRootCopWorkspace/SquareRootCop/hw/SquareRootCop.xsa
TRACE::2020-07-12.00:15:42::SCWPlatform::DSA given C:/Users/Pedro/Dropbox/UA/CR/Project/CR-Project/SquareRootCopWorkspace/SquareRootCop/hw/SquareRootCop.xsa
TRACE::2020-07-12.00:15:42::SCWPlatform::DSA absoulate path C:/Users/Pedro/Dropbox/UA/CR/Project/CR-Project/SquareRootCopWorkspace/SquareRootCop/hw/SquareRootCop.xsa
TRACE::2020-07-12.00:15:42::SCWPlatform::DSA directory C:/Users/Pedro/Dropbox/UA/CR/Project/CR-Project/SquareRootCopWorkspace/SquareRootCop/hw
TRACE::2020-07-12.00:15:42::SCWPlatform:: Platform Path C:/Users/Pedro/Dropbox/UA/CR/Project/CR-Project/SquareRootCopWorkspace/SquareRootCop/hw/SquareRootCop.xsa
TRACE::2020-07-12.00:15:42::SCWPlatform:: Unique name xilinx:nexys4::0.0
TRACE::2020-07-12.00:15:42::SCWPlatform::Trying to set the existing hwdb with name mb_design_wrapper_0
TRACE::2020-07-12.00:15:42::SCWPlatform::Opened existing hwdb mb_design_wrapper_0
TRACE::2020-07-12.00:15:42::SCWPlatform::Found the Hw Db part of the input DSA
TRACE::2020-07-12.00:15:42::SCWMssOS::Checking the sw design at  C:/Users/Pedro/Dropbox/UA/CR/Project/CR-Project/SquareRootCopWorkspace/SquareRootCop/microblaze_0/standalone_domain/bsp/system.mss
TRACE::2020-07-12.00:15:42::SCWMssOS::DEBUG:  swdes dump  C:/Users/Pedro/Dropbox/UA/CR/Project/CR-Project/SquareRootCopWorkspace/SquareRootCop/microblaze_0/standalone_domain/bsp/system.mss|system||

TRACE::2020-07-12.00:15:42::SCWMssOS::Sw design exists and opened at  C:/Users/Pedro/Dropbox/UA/CR/Project/CR-Project/SquareRootCopWorkspace/SquareRootCop/microblaze_0/standalone_domain/bsp/system.mss
TRACE::2020-07-12.00:15:42::SCWMssOS::Completed writing the mss file at C:/Users/Pedro/Dropbox/UA/CR/Project/CR-Project/SquareRootCopWorkspace/SquareRootCop/microblaze_0/standalone_domain/bsp
TRACE::2020-07-12.00:15:42::SCWMssOS::Mss edits present, copying mssfile into export location C:/Users/Pedro/Dropbox/UA/CR/Project/CR-Project/SquareRootCopWorkspace/SquareRootCop/microblaze_0/standalone_domain/bsp/system.mss
TRACE::2020-07-12.00:15:42::SCWMssOS::bsp generated is upto date with the mss file. Skipping bsp generation.
TRACE::2020-07-12.00:15:42::SCWMssOS::BSP is already built. skipping the bsp build ... 
TRACE::2020-07-12.00:15:42::SCWDomain::Building the domain as part of full build :  standalone_domain
TRACE::2020-07-12.00:15:42::SCWMssOS::doing bsp build ... 
TRACE::2020-07-12.00:15:42::SCWMssOS::System Command Ran  C: & cd  C:/Users/Pedro/Dropbox/UA/CR/Project/CR-Project/SquareRootCopWorkspace/SquareRootCop/microblaze_0/standalone_domain/bsp & make 
TRACE::2020-07-12.00:15:43::SCWMssOS::"Running Make include in microblaze_0/libsrc/axidma_v9_10/src"

TRACE::2020-07-12.00:15:43::SCWMssOS::make -C microblaze_0/libsrc/axidma_v9_10/src -s include  "SHELL=CMD" "COMPILER=mb-gcc" "ASSEMBLER=mb-as" "ARCHIVER=mb-ar" "COMP
TRACE::2020-07-12.00:15:43::SCWMssOS::ILER_FLAGS=  -O2 -c -mcpu=v11.0 -mlittle-endian -mno-xl-soft-div -mno-xl-soft-mul -mxl-barrel-shift -mxl-pattern-compare" "EXTR
TRACE::2020-07-12.00:15:43::SCWMssOS::A_COMPILER_FLAGS=-g -ffunction-sections -fdata-sections -Wall -Wextra"

TRACE::2020-07-12.00:15:44::SCWMssOS::"Running Make include in microblaze_0/libsrc/bram_v4_3/src"

TRACE::2020-07-12.00:15:44::SCWMssOS::make -C microblaze_0/libsrc/bram_v4_3/src -s include  "SHELL=CMD" "COMPILER=mb-gcc" "ASSEMBLER=mb-as" "ARCHIVER=mb-ar" "COMPILE
TRACE::2020-07-12.00:15:44::SCWMssOS::R_FLAGS=  -O2 -c -mcpu=v11.0 -mlittle-endian -mno-xl-soft-div -mno-xl-soft-mul -mxl-barrel-shift -mxl-pattern-compare" "EXTRA_C
TRACE::2020-07-12.00:15:44::SCWMssOS::OMPILER_FLAGS=-g -ffunction-sections -fdata-sections -Wall -Wextra"

TRACE::2020-07-12.00:15:44::SCWMssOS::"Running Make include in microblaze_0/libsrc/cpu_v2_10/src"

TRACE::2020-07-12.00:15:44::SCWMssOS::make -C microblaze_0/libsrc/cpu_v2_10/src -s include  "SHELL=CMD" "COMPILER=mb-gcc" "ASSEMBLER=mb-as" "ARCHIVER=mb-ar" "COMPILE
TRACE::2020-07-12.00:15:44::SCWMssOS::R_FLAGS=  -O2 -c -mcpu=v11.0 -mlittle-endian -mno-xl-soft-div -mno-xl-soft-mul -mxl-barrel-shift -mxl-pattern-compare" "EXTRA_C
TRACE::2020-07-12.00:15:44::SCWMssOS::OMPILER_FLAGS=-g -ffunction-sections -fdata-sections -Wall -Wextra"

TRACE::2020-07-12.00:15:44::SCWMssOS::"Running Make include in microblaze_0/libsrc/gpio_v4_5/src"

TRACE::2020-07-12.00:15:44::SCWMssOS::make -C microblaze_0/libsrc/gpio_v4_5/src -s include  "SHELL=CMD" "COMPILER=mb-gcc" "ASSEMBLER=mb-as" "ARCHIVER=mb-ar" "COMPILE
TRACE::2020-07-12.00:15:44::SCWMssOS::R_FLAGS=  -O2 -c -mcpu=v11.0 -mlittle-endian -mno-xl-soft-div -mno-xl-soft-mul -mxl-barrel-shift -mxl-pattern-compare" "EXTRA_C
TRACE::2020-07-12.00:15:44::SCWMssOS::OMPILER_FLAGS=-g -ffunction-sections -fdata-sections -Wall -Wextra"

TRACE::2020-07-12.00:15:45::SCWMssOS::"Running Make include in microblaze_0/libsrc/intc_v3_10/src"

TRACE::2020-07-12.00:15:45::SCWMssOS::make -C microblaze_0/libsrc/intc_v3_10/src -s include  "SHELL=CMD" "COMPILER=mb-gcc" "ASSEMBLER=mb-as" "ARCHIVER=mb-ar" "COMPIL
TRACE::2020-07-12.00:15:45::SCWMssOS::ER_FLAGS=  -O2 -c -mcpu=v11.0 -mlittle-endian -mno-xl-soft-div -mno-xl-soft-mul -mxl-barrel-shift -mxl-pattern-compare" "EXTRA_
TRACE::2020-07-12.00:15:45::SCWMssOS::COMPILER_FLAGS=-g -ffunction-sections -fdata-sections -Wall -Wextra"

TRACE::2020-07-12.00:15:45::SCWMssOS::"Running Make include in microblaze_0/libsrc/standalone_v7_1/src"

TRACE::2020-07-12.00:15:45::SCWMssOS::make -C microblaze_0/libsrc/standalone_v7_1/src -s include  "SHELL=CMD" "COMPILER=mb-gcc" "ASSEMBLER=mb-as" "ARCHIVER=mb-ar" "C
TRACE::2020-07-12.00:15:45::SCWMssOS::OMPILER_FLAGS=  -O2 -c -mcpu=v11.0 -mlittle-endian -mno-xl-soft-div -mno-xl-soft-mul -mxl-barrel-shift -mxl-pattern-compare" "E
TRACE::2020-07-12.00:15:45::SCWMssOS::XTRA_COMPILER_FLAGS=-g -ffunction-sections -fdata-sections -Wall -Wextra"

TRACE::2020-07-12.00:15:45::SCWMssOS::"Running Make include in microblaze_0/libsrc/tmrctr_v4_5/src"

TRACE::2020-07-12.00:15:45::SCWMssOS::make -C microblaze_0/libsrc/tmrctr_v4_5/src -s include  "SHELL=CMD" "COMPILER=mb-gcc" "ASSEMBLER=mb-as" "ARCHIVER=mb-ar" "COMPI
TRACE::2020-07-12.00:15:45::SCWMssOS::LER_FLAGS=  -O2 -c -mcpu=v11.0 -mlittle-endian -mno-xl-soft-div -mno-xl-soft-mul -mxl-barrel-shift -mxl-pattern-compare" "EXTRA
TRACE::2020-07-12.00:15:45::SCWMssOS::_COMPILER_FLAGS=-g -ffunction-sections -fdata-sections -Wall -Wextra"

TRACE::2020-07-12.00:15:46::SCWMssOS::"Running Make include in microblaze_0/libsrc/uartlite_v3_3/src"

TRACE::2020-07-12.00:15:46::SCWMssOS::make -C microblaze_0/libsrc/uartlite_v3_3/src -s include  "SHELL=CMD" "COMPILER=mb-gcc" "ASSEMBLER=mb-as" "ARCHIVER=mb-ar" "COM
TRACE::2020-07-12.00:15:46::SCWMssOS::PILER_FLAGS=  -O2 -c -mcpu=v11.0 -mlittle-endian -mno-xl-soft-div -mno-xl-soft-mul -mxl-barrel-shift -mxl-pattern-compare" "EXT
TRACE::2020-07-12.00:15:46::SCWMssOS::RA_COMPILER_FLAGS=-g -ffunction-sections -fdata-sections -Wall -Wextra"

TRACE::2020-07-12.00:15:46::SCWMssOS::"Running Make libs in microblaze_0/libsrc/axidma_v9_10/src"

TRACE::2020-07-12.00:15:46::SCWMssOS::make -C microblaze_0/libsrc/axidma_v9_10/src -s libs  "SHELL=CMD" "COMPILER=mb-gcc" "ASSEMBLER=mb-as" "ARCHIVER=mb-ar" "COMPILE
TRACE::2020-07-12.00:15:46::SCWMssOS::R_FLAGS=  -O2 -c -mcpu=v11.0 -mlittle-endian -mno-xl-soft-div -mno-xl-soft-mul -mxl-barrel-shift -mxl-pattern-compare" "EXTRA_C
TRACE::2020-07-12.00:15:46::SCWMssOS::OMPILER_FLAGS=-g -ffunction-sections -fdata-sections -Wall -Wextra"

TRACE::2020-07-12.00:15:46::SCWMssOS::"Compiling axidma"

TRACE::2020-07-12.00:15:48::SCWMssOS::"Running Make libs in microblaze_0/libsrc/bram_v4_3/src"

TRACE::2020-07-12.00:15:48::SCWMssOS::make -C microblaze_0/libsrc/bram_v4_3/src -s libs  "SHELL=CMD" "COMPILER=mb-gcc" "ASSEMBLER=mb-as" "ARCHIVER=mb-ar" "COMPILER_F
TRACE::2020-07-12.00:15:48::SCWMssOS::LAGS=  -O2 -c -mcpu=v11.0 -mlittle-endian -mno-xl-soft-div -mno-xl-soft-mul -mxl-barrel-shift -mxl-pattern-compare" "EXTRA_COMP
TRACE::2020-07-12.00:15:48::SCWMssOS::ILER_FLAGS=-g -ffunction-sections -fdata-sections -Wall -Wextra"

TRACE::2020-07-12.00:15:48::SCWMssOS::"Compiling bram"

TRACE::2020-07-12.00:15:49::SCWMssOS::"Running Make libs in microblaze_0/libsrc/cpu_v2_10/src"

TRACE::2020-07-12.00:15:49::SCWMssOS::make -C microblaze_0/libsrc/cpu_v2_10/src -s libs  "SHELL=CMD" "COMPILER=mb-gcc" "ASSEMBLER=mb-as" "ARCHIVER=mb-ar" "COMPILER_F
TRACE::2020-07-12.00:15:49::SCWMssOS::LAGS=  -O2 -c -mcpu=v11.0 -mlittle-endian -mno-xl-soft-div -mno-xl-soft-mul -mxl-barrel-shift -mxl-pattern-compare" "EXTRA_COMP
TRACE::2020-07-12.00:15:49::SCWMssOS::ILER_FLAGS=-g -ffunction-sections -fdata-sections -Wall -Wextra"

TRACE::2020-07-12.00:15:49::SCWMssOS::"Compiling cpu"

TRACE::2020-07-12.00:15:49::SCWMssOS::"Running Make libs in microblaze_0/libsrc/gpio_v4_5/src"

TRACE::2020-07-12.00:15:49::SCWMssOS::make -C microblaze_0/libsrc/gpio_v4_5/src -s libs  "SHELL=CMD" "COMPILER=mb-gcc" "ASSEMBLER=mb-as" "ARCHIVER=mb-ar" "COMPILER_F
TRACE::2020-07-12.00:15:49::SCWMssOS::LAGS=  -O2 -c -mcpu=v11.0 -mlittle-endian -mno-xl-soft-div -mno-xl-soft-mul -mxl-barrel-shift -mxl-pattern-compare" "EXTRA_COMP
TRACE::2020-07-12.00:15:49::SCWMssOS::ILER_FLAGS=-g -ffunction-sections -fdata-sections -Wall -Wextra"

TRACE::2020-07-12.00:15:50::SCWMssOS::"Compiling gpio"

TRACE::2020-07-12.00:15:51::SCWMssOS::"Running Make libs in microblaze_0/libsrc/intc_v3_10/src"

TRACE::2020-07-12.00:15:51::SCWMssOS::make -C microblaze_0/libsrc/intc_v3_10/src -s libs  "SHELL=CMD" "COMPILER=mb-gcc" "ASSEMBLER=mb-as" "ARCHIVER=mb-ar" "COMPILER_
TRACE::2020-07-12.00:15:51::SCWMssOS::FLAGS=  -O2 -c -mcpu=v11.0 -mlittle-endian -mno-xl-soft-div -mno-xl-soft-mul -mxl-barrel-shift -mxl-pattern-compare" "EXTRA_COM
TRACE::2020-07-12.00:15:51::SCWMssOS::PILER_FLAGS=-g -ffunction-sections -fdata-sections -Wall -Wextra"

TRACE::2020-07-12.00:15:51::SCWMssOS::"Compiling intc"

TRACE::2020-07-12.00:15:52::SCWMssOS::"Running Make libs in microblaze_0/libsrc/standalone_v7_1/src"

TRACE::2020-07-12.00:15:52::SCWMssOS::make -C microblaze_0/libsrc/standalone_v7_1/src -s libs  "SHELL=CMD" "COMPILER=mb-gcc" "ASSEMBLER=mb-as" "ARCHIVER=mb-ar" "COMP
TRACE::2020-07-12.00:15:52::SCWMssOS::ILER_FLAGS=  -O2 -c -mcpu=v11.0 -mlittle-endian -mno-xl-soft-div -mno-xl-soft-mul -mxl-barrel-shift -mxl-pattern-compare" "EXTR
TRACE::2020-07-12.00:15:52::SCWMssOS::A_COMPILER_FLAGS=-g -ffunction-sections -fdata-sections -Wall -Wextra"

TRACE::2020-07-12.00:15:52::SCWMssOS::"Compiling standalone";

TRACE::2020-07-12.00:15:56::SCWMssOS::"Running Make libs in microblaze_0/libsrc/tmrctr_v4_5/src"

TRACE::2020-07-12.00:15:56::SCWMssOS::make -C microblaze_0/libsrc/tmrctr_v4_5/src -s libs  "SHELL=CMD" "COMPILER=mb-gcc" "ASSEMBLER=mb-as" "ARCHIVER=mb-ar" "COMPILER
TRACE::2020-07-12.00:15:56::SCWMssOS::_FLAGS=  -O2 -c -mcpu=v11.0 -mlittle-endian -mno-xl-soft-div -mno-xl-soft-mul -mxl-barrel-shift -mxl-pattern-compare" "EXTRA_CO
TRACE::2020-07-12.00:15:56::SCWMssOS::MPILER_FLAGS=-g -ffunction-sections -fdata-sections -Wall -Wextra"

TRACE::2020-07-12.00:15:56::SCWMssOS::"Compiling tmrctr"

TRACE::2020-07-12.00:15:57::SCWMssOS::"Running Make libs in microblaze_0/libsrc/uartlite_v3_3/src"

TRACE::2020-07-12.00:15:57::SCWMssOS::make -C microblaze_0/libsrc/uartlite_v3_3/src -s libs  "SHELL=CMD" "COMPILER=mb-gcc" "ASSEMBLER=mb-as" "ARCHIVER=mb-ar" "COMPIL
TRACE::2020-07-12.00:15:57::SCWMssOS::ER_FLAGS=  -O2 -c -mcpu=v11.0 -mlittle-endian -mno-xl-soft-div -mno-xl-soft-mul -mxl-barrel-shift -mxl-pattern-compare" "EXTRA_
TRACE::2020-07-12.00:15:57::SCWMssOS::COMPILER_FLAGS=-g -ffunction-sections -fdata-sections -Wall -Wextra"

TRACE::2020-07-12.00:15:57::SCWMssOS::"Compiling uartlite"

TRACE::2020-07-12.00:15:59::SCWMssOS::'Finished building libraries'

TRACE::2020-07-12.00:15:59::SCWMssOS::Copying to export directory.
TRACE::2020-07-12.00:15:59::SCWMssOS:: Checking if to create the Supporting Applications
TRACE::2020-07-12.00:15:59::SCWMssOS:: No Linux domain exists, trying to generate FSBL 
LOG::2020-07-12.00:15:59::SCWSystem::Completed Processing the domain standalone_domain
LOG::2020-07-12.00:15:59::SCWSystem::Completed Processing the sysconfig SquareRootCop
LOG::2020-07-12.00:15:59::SCWPlatform::Completed generating the artifacts for system configuration SquareRootCop
TRACE::2020-07-12.00:15:59::SCWPlatform::Started preparing the platform 
TRACE::2020-07-12.00:15:59::SCWSystem::Writing the bif file for system config SquareRootCop
TRACE::2020-07-12.00:15:59::SCWSystem::dir created 
TRACE::2020-07-12.00:15:59::SCWSystem::Writing the bif 
TRACE::2020-07-12.00:15:59::SCWPlatform::Started writing the spfm file 
TRACE::2020-07-12.00:15:59::SCWPlatform::Started writing the xpfm file 
TRACE::2020-07-12.00:15:59::SCWPlatform::Completed generating the platform
TRACE::2020-07-12.00:15:59::SCWPlatform::Trying to open the hw design at C:/Users/Pedro/Dropbox/UA/CR/Project/CR-Project/SquareRootCopWorkspace/SquareRootCop/hw/SquareRootCop.xsa
TRACE::2020-07-12.00:15:59::SCWPlatform::DSA given C:/Users/Pedro/Dropbox/UA/CR/Project/CR-Project/SquareRootCopWorkspace/SquareRootCop/hw/SquareRootCop.xsa
TRACE::2020-07-12.00:15:59::SCWPlatform::DSA absoulate path C:/Users/Pedro/Dropbox/UA/CR/Project/CR-Project/SquareRootCopWorkspace/SquareRootCop/hw/SquareRootCop.xsa
TRACE::2020-07-12.00:15:59::SCWPlatform::DSA directory C:/Users/Pedro/Dropbox/UA/CR/Project/CR-Project/SquareRootCopWorkspace/SquareRootCop/hw
TRACE::2020-07-12.00:15:59::SCWPlatform:: Platform Path C:/Users/Pedro/Dropbox/UA/CR/Project/CR-Project/SquareRootCopWorkspace/SquareRootCop/hw/SquareRootCop.xsa
TRACE::2020-07-12.00:15:59::SCWPlatform:: Unique name xilinx:nexys4::0.0
TRACE::2020-07-12.00:15:59::SCWPlatform::Trying to set the existing hwdb with name mb_design_wrapper_0
TRACE::2020-07-12.00:15:59::SCWPlatform::Opened existing hwdb mb_design_wrapper_0
TRACE::2020-07-12.00:15:59::SCWPlatform::Found the Hw Db part of the input DSA
TRACE::2020-07-12.00:15:59::SCWMssOS::Checking the sw design at  C:/Users/Pedro/Dropbox/UA/CR/Project/CR-Project/SquareRootCopWorkspace/SquareRootCop/microblaze_0/standalone_domain/bsp/system.mss
TRACE::2020-07-12.00:15:59::SCWMssOS::DEBUG:  swdes dump  C:/Users/Pedro/Dropbox/UA/CR/Project/CR-Project/SquareRootCopWorkspace/SquareRootCop/microblaze_0/standalone_domain/bsp/system.mss|system||

TRACE::2020-07-12.00:15:59::SCWMssOS::Sw design exists and opened at  C:/Users/Pedro/Dropbox/UA/CR/Project/CR-Project/SquareRootCopWorkspace/SquareRootCop/microblaze_0/standalone_domain/bsp/system.mss
TRACE::2020-07-12.00:15:59::SCWPlatform::Trying to open the hw design at C:/Users/Pedro/Dropbox/UA/CR/Project/CR-Project/SquareRootCopWorkspace/SquareRootCop/hw/SquareRootCop.xsa
TRACE::2020-07-12.00:15:59::SCWPlatform::DSA given C:/Users/Pedro/Dropbox/UA/CR/Project/CR-Project/SquareRootCopWorkspace/SquareRootCop/hw/SquareRootCop.xsa
TRACE::2020-07-12.00:15:59::SCWPlatform::DSA absoulate path C:/Users/Pedro/Dropbox/UA/CR/Project/CR-Project/SquareRootCopWorkspace/SquareRootCop/hw/SquareRootCop.xsa
TRACE::2020-07-12.00:15:59::SCWPlatform::DSA directory C:/Users/Pedro/Dropbox/UA/CR/Project/CR-Project/SquareRootCopWorkspace/SquareRootCop/hw
TRACE::2020-07-12.00:15:59::SCWPlatform:: Platform Path C:/Users/Pedro/Dropbox/UA/CR/Project/CR-Project/SquareRootCopWorkspace/SquareRootCop/hw/SquareRootCop.xsa
TRACE::2020-07-12.00:15:59::SCWPlatform:: Unique name xilinx:nexys4::0.0
TRACE::2020-07-12.00:15:59::SCWPlatform::Trying to set the existing hwdb with name mb_design_wrapper_0
TRACE::2020-07-12.00:15:59::SCWPlatform::Opened existing hwdb mb_design_wrapper_0
TRACE::2020-07-12.00:15:59::SCWPlatform::Found the Hw Db part of the input DSA
TRACE::2020-07-12.00:15:59::SCWMssOS::Checking the sw design at  C:/Users/Pedro/Dropbox/UA/CR/Project/CR-Project/SquareRootCopWorkspace/SquareRootCop/microblaze_0/standalone_domain/bsp/system.mss
TRACE::2020-07-12.00:15:59::SCWMssOS::DEBUG:  swdes dump  C:/Users/Pedro/Dropbox/UA/CR/Project/CR-Project/SquareRootCopWorkspace/SquareRootCop/microblaze_0/standalone_domain/bsp/system.mss|system||

TRACE::2020-07-12.00:15:59::SCWMssOS::Sw design exists and opened at  C:/Users/Pedro/Dropbox/UA/CR/Project/CR-Project/SquareRootCopWorkspace/SquareRootCop/microblaze_0/standalone_domain/bsp/system.mss
TRACE::2020-07-12.00:15:59::SCWPlatform::Trying to open the hw design at C:/Users/Pedro/Dropbox/UA/CR/Project/CR-Project/SquareRootCopWorkspace/SquareRootCop/hw/SquareRootCop.xsa
TRACE::2020-07-12.00:15:59::SCWPlatform::DSA given C:/Users/Pedro/Dropbox/UA/CR/Project/CR-Project/SquareRootCopWorkspace/SquareRootCop/hw/SquareRootCop.xsa
TRACE::2020-07-12.00:15:59::SCWPlatform::DSA absoulate path C:/Users/Pedro/Dropbox/UA/CR/Project/CR-Project/SquareRootCopWorkspace/SquareRootCop/hw/SquareRootCop.xsa
TRACE::2020-07-12.00:15:59::SCWPlatform::DSA directory C:/Users/Pedro/Dropbox/UA/CR/Project/CR-Project/SquareRootCopWorkspace/SquareRootCop/hw
TRACE::2020-07-12.00:15:59::SCWPlatform:: Platform Path C:/Users/Pedro/Dropbox/UA/CR/Project/CR-Project/SquareRootCopWorkspace/SquareRootCop/hw/SquareRootCop.xsa
TRACE::2020-07-12.00:15:59::SCWPlatform:: Unique name xilinx:nexys4::0.0
TRACE::2020-07-12.00:15:59::SCWPlatform::Trying to set the existing hwdb with name mb_design_wrapper_0
TRACE::2020-07-12.00:15:59::SCWPlatform::Opened existing hwdb mb_design_wrapper_0
TRACE::2020-07-12.00:15:59::SCWPlatform::Found the Hw Db part of the input DSA
TRACE::2020-07-12.00:15:59::SCWMssOS::Checking the sw design at  C:/Users/Pedro/Dropbox/UA/CR/Project/CR-Project/SquareRootCopWorkspace/SquareRootCop/microblaze_0/standalone_domain/bsp/system.mss
TRACE::2020-07-12.00:15:59::SCWMssOS::DEBUG:  swdes dump  C:/Users/Pedro/Dropbox/UA/CR/Project/CR-Project/SquareRootCopWorkspace/SquareRootCop/microblaze_0/standalone_domain/bsp/system.mss|system||

TRACE::2020-07-12.00:15:59::SCWMssOS::Sw design exists and opened at  C:/Users/Pedro/Dropbox/UA/CR/Project/CR-Project/SquareRootCopWorkspace/SquareRootCop/microblaze_0/standalone_domain/bsp/system.mss
TRACE::2020-07-12.00:15:59::SCWWriter::formatted JSON is {
	"platformName":	"SquareRootCop",
	"sprVersion":	"2.0",
	"mode":	"gui",
	"dsaType":	"Fixed",
	"platformDesc":	"SquareRootCop",
	"platHandOff":	"C:/Users/Pedro/Dropbox/UA/CR/Project/CR-Project/SquareRootCop/SquareRootCop.xsa",
	"platIntHandOff":	"<platformDir>/hw/SquareRootCop.xsa",
	"deviceType":	"FPGA",
	"platIsPrebuiltAutogen":	"false",
	"platIsNoBootBsp":	"false",
	"hasFsblMakeHasChanges":	"false",
	"hasPmufwMakeHasChanges":	"false",
	"platPreBuiltFlag":	false,
	"platformSamplesDir":	"",
	"platActiveSys":	"SquareRootCop",
	"systems":	[{
			"systemName":	"SquareRootCop",
			"systemDesc":	"SquareRootCop",
			"sysIsBootAutoGen":	"true",
			"systemDispName":	"SquareRootCop",
			"sysActiveDom":	"standalone_domain",
			"sysDefaultDom":	"standalone_domain",
			"domains":	[{
					"domainName":	"standalone_domain",
					"domainDispName":	"standalone on microblaze_0",
					"domainDesc":	"standalone_domain",
					"processors":	"microblaze_0",
					"os":	"standalone",
					"sdxOs":	"standalone",
					"debugEnable":	"False",
					"domRuntimes":	["cpp"],
					"swRepo":	"",
					"mssOsVer":	"7.1",
					"mssFile":	"",
					"md5Digest":	"a922096c44dba6480baa875b90405bf4",
					"compatibleApp":	"hello_world",
					"domType":	"mssDomain",
					"arch":	"32-bit",
					"appSettings":	{
						"appCompilerFlags":	"",
						"appLinkerFlags":	""
					},
					"addedLibs":	[],
					"libOptions":	{
						"libsContainingOptions":	[]
					},
					"prebuiltLibs":	{
						"prebuiltIncPath":	[],
						"prebuiltLibPath":	[]
					},
					"isolation":	{
					}
				}]
		}]
}
KEYINFO::2020-07-12.00:15:59::SCWPlatform::updated the xpfm file.
TRACE::2020-07-12.00:15:59::SCWPlatform::Trying to open the hw design at C:/Users/Pedro/Dropbox/UA/CR/Project/CR-Project/SquareRootCopWorkspace/SquareRootCop/hw/SquareRootCop.xsa
TRACE::2020-07-12.00:15:59::SCWPlatform::DSA given C:/Users/Pedro/Dropbox/UA/CR/Project/CR-Project/SquareRootCopWorkspace/SquareRootCop/hw/SquareRootCop.xsa
TRACE::2020-07-12.00:15:59::SCWPlatform::DSA absoulate path C:/Users/Pedro/Dropbox/UA/CR/Project/CR-Project/SquareRootCopWorkspace/SquareRootCop/hw/SquareRootCop.xsa
TRACE::2020-07-12.00:15:59::SCWPlatform::DSA directory C:/Users/Pedro/Dropbox/UA/CR/Project/CR-Project/SquareRootCopWorkspace/SquareRootCop/hw
TRACE::2020-07-12.00:15:59::SCWPlatform:: Platform Path C:/Users/Pedro/Dropbox/UA/CR/Project/CR-Project/SquareRootCopWorkspace/SquareRootCop/hw/SquareRootCop.xsa
TRACE::2020-07-12.00:15:59::SCWPlatform:: Unique name xilinx:nexys4::0.0
TRACE::2020-07-12.00:15:59::SCWPlatform::Trying to set the existing hwdb with name mb_design_wrapper_0
TRACE::2020-07-12.00:15:59::SCWPlatform::Opened existing hwdb mb_design_wrapper_0
TRACE::2020-07-12.00:15:59::SCWPlatform::Found the Hw Db part of the input DSA
TRACE::2020-07-12.00:15:59::SCWMssOS::Checking the sw design at  C:/Users/Pedro/Dropbox/UA/CR/Project/CR-Project/SquareRootCopWorkspace/SquareRootCop/microblaze_0/standalone_domain/bsp/system.mss
TRACE::2020-07-12.00:15:59::SCWMssOS::DEBUG:  swdes dump  C:/Users/Pedro/Dropbox/UA/CR/Project/CR-Project/SquareRootCopWorkspace/SquareRootCop/microblaze_0/standalone_domain/bsp/system.mss|system||

TRACE::2020-07-12.00:15:59::SCWMssOS::Sw design exists and opened at  C:/Users/Pedro/Dropbox/UA/CR/Project/CR-Project/SquareRootCopWorkspace/SquareRootCop/microblaze_0/standalone_domain/bsp/system.mss
